#
# A fatal error has been detected by the Java Runtime Environment:
#
#  SIGSEGV (0xb) at pc=0x7ca38960, pid=14602, tid=2219146048
#
# JRE version: 7.0_05-b05
# Java VM: Java HotSpot(TM) Client VM (23.1-b03 mixed mode linux-x86 )
# Problematic frame:
# C  [libcefjni.so+0x372960]  MessageLoop::RunAllPending()+0xc
#
# Failed to write core dump. Core dumps have been disabled. To enable core dumping, try "ulimit -c unlimited" before starting Java again
#
# If you would like to submit a bug report, please visit:
#   http://bugreport.sun.com/bugreport/crash.jsp
#

---------------  T H R E A D  ---------------

Current thread (0x082ae400):  VMThread [stack: 0x843d7000,0x84458000] [id=14615]

siginfo:si_signo=SIGSEGV: si_errno=0, si_code=1 (SEGV_MAPERR), si_addr=0x000000cc

Registers:
EAX=0x00000000, EBX=0x091b3238, ECX=0x84457c4c, EDX=0x00000000
ESP=0x84456f30, EBP=0x84456f58, ESI=0x091e4ba8, EDI=0x00000082
EIP=0x7ca38960, EFLAGS=0x00010286, CR2=0x000000cc

Top of Stack: (sp=0x84456f30)
0x84456f30:   b776387f 091b3238 091e4ba8 7ca37a57
0x84456f40:   00000010 84456f5f 00000082 7c3c9ff4
0x84456f50:   00000000 00000082 84456f78 7c9b7e06
0x84456f60:   00000000 091b3108 84456f78 7c9b7c28
0x84456f70:   091b3238 091b3108 84456f88 7c9b7485
0x84456f80:   091e4ba8 091b3238 84456fa8 7c9b6673
0x84456f90:   091b3238 b49c0780 b774e440 b7752000
0x84456fa0:   00000000 091e3fc0 84456fd8 7c9b689c 

Instructions: (pc=0x7ca38960)
0x7ca38940:   45 f8 89 90 cc 00 00 00 c9 c3 c7 45 ec 01 00 00
0x7ca38950:   00 eb ce 90 55 89 e5 83 ec 28 8b 55 08 89 55 f8
0x7ca38960:   8b 82 cc 00 00 00 89 45 fc 85 c0 74 32 8b 00 83
0x7ca38970:   c0 01 89 45 ec 8d 45 ec 89 82 cc 00 00 00 c7 45 

Register to memory mapping:

EAX=
[error occurred during error reporting (printing register info), id 0xb]

Stack: [0x843d7000,0x84458000],  sp=0x84456f30,  free space=511k
Native frames: (J=compiled Java code, j=interpreted, Vv=VM code, C=native code)
C  [libcefjni.so+0x372960]  MessageLoop::RunAllPending()+0xc
C  [libcefjni.so+0x2f1e06]  CefProcessUIThread::CleanUp()+0x18
C  [libcefjni.so+0x2f1485]  CefProcess::~CefProcess()+0xab
C  [libcefjni.so+0x2f0673]  CefContext::Shutdown()+0x29
C  [libcefjni.so+0x2f089c]  CefContext::~CefContext()+0x1a
C  [libcefjni.so+0x2ef565]  CefThreadSafeBase<CefBase>::Release()+0x27

VM_Operation (0x77fd0da0): Exit, mode: safepoint, requested by thread 0x0934bc00


---------------  P R O C E S S  ---------------

Java Threads: ( => current thread )
  0x0934bc00 JavaThread "SIGINT handler" daemon [_thread_blocked, id=14667, stack(0x77f81000,0x77fd2000)]
  0x842da800 JavaThread "Worker-10" [_thread_blocked, id=14664, stack(0x78307000,0x78358000)]
  0x842e3400 JavaThread "Keep-Alive-Timer" daemon [_thread_blocked, id=14662, stack(0x7e7e4000,0x7e835000)]
  0x84075c00 JavaThread "process reaper" daemon [_thread_blocked, id=14653, stack(0x81b10000,0x81b1f000)]
  0x086d2800 JavaThread "CommandLineArgsServer" [_thread_in_native, id=14651, stack(0x7e8b4000,0x7e905000)]
  0x08e5d800 JavaThread "INotify thread" daemon [_thread_in_native, id=14649, stack(0x7e956000,0x7e9a7000)]
  0x84275c00 JavaThread "Worker-9" [_thread_blocked, id=14648, stack(0x7e9a7000,0x7e9f8000)]
  0x81a29400 JavaThread "Worker-8" [_thread_blocked, id=14647, stack(0x7e9f8000,0x7ea49000)]
  0x087e9400 JavaThread "Worker-7" [_thread_blocked, id=14646, stack(0x7ea49000,0x7ea9a000)]
  0x84271800 JavaThread "Worker-6" [_thread_blocked, id=14645, stack(0x7ea9a000,0x7eaeb000)]
  0x84005400 JavaThread "Worker-5" [_thread_blocked, id=14644, stack(0x7eaeb000,0x7eb3c000)]
  0x84004400 JavaThread "Worker-4" [_thread_blocked, id=14643, stack(0x7eb3c000,0x7eb8d000)]
  0x8426b800 JavaThread "Worker-3" [_thread_blocked, id=14642, stack(0x80883000,0x808d4000)]
  0x08dea400 JavaThread "Worker-2" [_thread_blocked, id=14641, stack(0x80944000,0x80995000)]
  0x8425d400 JavaThread "Worker-1" [_thread_blocked, id=14637, stack(0x808d4000,0x80925000)]
  0x087dc000 JavaThread "Worker-0" [_thread_blocked, id=14635, stack(0x816af000,0x81700000)]
  0x8155c000 JavaThread "Worker-JM" [_thread_blocked, id=14633, stack(0x8160d000,0x8165e000)]
  0x84210c00 JavaThread "[Timer] - Main Queue Handler" daemon [_thread_blocked, id=14632, stack(0x8165e000,0x816af000)]
  0x8194c400 JavaThread "Bundle File Closer" daemon [_thread_blocked, id=14629, stack(0x818af000,0x81900000)]
  0x0856e800 JavaThread "Start Level Event Dispatcher" daemon [_thread_blocked, id=14628, stack(0x81dc9000,0x81e1a000)]
  0x08558800 JavaThread "Framework Event Dispatcher" daemon [_thread_blocked, id=14626, stack(0x81e1a000,0x81e6b000)]
  0x0853b000 JavaThread "Framework Active Thread" [_thread_blocked, id=14624, stack(0x81ebc000,0x81f0d000)]
  0x082f2800 JavaThread "Service Thread" daemon [_thread_blocked, id=14620, stack(0x83edd000,0x83f2e000)]
  0x082f0c00 JavaThread "C1 CompilerThread0" daemon [_thread_blocked, id=14619, stack(0x83f2e000,0x83faf000)]
  0x082ef000 JavaThread "Signal Dispatcher" daemon [_thread_blocked, id=14618, stack(0x83faf000,0x84000000)]
  0x082b5800 JavaThread "Finalizer" daemon [_thread_blocked, id=14617, stack(0x84335000,0x84386000)]
  0x082b3c00 JavaThread "Reference Handler" daemon [_thread_blocked, id=14616, stack(0x84386000,0x843d7000)]
  0x08239000 JavaThread "main" [_thread_blocked, id=14602, stack(0xbfc90000,0xbfce0000)]

Other Threads:
=>0x082ae400 VMThread [stack: 0x843d7000,0x84458000] [id=14615]

VM state:at safepoint (shutting down)

VM Mutex/Monitor currently owned by a thread:  ([mutex/lock_event])
[0x082367b0] Threads_lock - owner thread: 0x082ae400

Heap
 def new generation   total 21312K, used 3489K [0x84910000, 0x86020000, 0x8f3b0000)
  eden space 19008K,  12% used [0x84910000, 0x84b74390, 0x85ba0000)
  from space 2304K,  45% used [0x85ba0000, 0x85ca4240, 0x85de0000)
  to   space 2304K,   0% used [0x85de0000, 0x85de0000, 0x86020000)
 tenured generation   total 47076K, used 29439K [0x8f3b0000, 0x921a9000, 0xa4910000)
   the space 47076K,  62% used [0x8f3b0000, 0x9106fce0, 0x9106fe00, 0x921a9000)
 compacting perm gen  total 38144K, used 37918K [0xa4910000, 0xa6e50000, 0xb4910000)
   the space 38144K,  99% used [0xa4910000, 0xa6e17af0, 0xa6e17c00, 0xa6e50000)
No shared spaces configured.

Code Cache  [0xb4992000, 0xb4f1a000, 0xb6992000)
 total_blobs=2862 nmethods=2635 adapters=161 free_code_cache=27137Kb largest_free_block=27784256

Compilation events (10 events):
Event: 28.036 Thread 0x082f0c00 2696             org.eclipse.osgi.service.resolver.StateWire::getRequirementHost (5 bytes)
Event: 28.036 Thread 0x082f0c00 nmethod 2696 0xb4f10288 code [0xb4f10380, 0xb4f10400]
Event: 28.036 Thread 0x082f0c00 2697             org.eclipse.osgi.service.resolver.StateWire::getCapabilityHost (5 bytes)
Event: 28.036 Thread 0x082f0c00 nmethod 2697 0xb4f10448 code [0xb4f10540, 0xb4f105c0]
Event: 28.036 Thread 0x082f0c00 2698   !         org.eclipse.osgi.internal.resolver.ImportPackageSpecificationImpl::getBundleSymbolicName (59 bytes)
Event: 28.037 Thread 0x082f0c00 nmethod 2698 0xb4f10608 code [0xb4f10780, 0xb4f10be8]
Event: 28.037 Thread 0x082f0c00 2699   !         org.eclipse.osgi.internal.resolver.ImportPackageSpecificationImpl::getAttributes (17 bytes)
Event: 28.037 Thread 0x082f0c00 nmethod 2699 0xb4f10f08 code [0xb4f11020, 0xb4f11220]
Event: 28.037 Thread 0x082f0c00 2700             org.eclipse.osgi.internal.resolver.StateWriter::writeImportPackageSpec (97 bytes)
Event: 28.038 Thread 0x082f0c00 nmethod 2700 0xb4f112c8 code [0xb4f115b0, 0xb4f121b0]

GC Heap History (10 events):
Event: 23.049 GC heap before
{Heap before GC invocations=27 (full 5):
 def new generation   total 19712K, used 10003K [0x84910000, 0x85e70000, 0x8f3b0000)
  eden space 17536K,  44% used [0x84910000, 0x850b4f10, 0x85a30000)
  from space 2176K, 100% used [0x85c50000, 0x85e70000, 0x85e70000)
  to   space 2176K,   0% used [0x85a30000, 0x85a30000, 0x85c50000)
 tenured generation   total 43540K, used 29850K [0x8f3b0000, 0x91e35000, 0xa4910000)
   the space 43540K,  68% used [0x8f3b0000, 0x910d6ad8, 0x910d6c00, 0x91e35000)
 compacting perm gen  total 36864K, used 36863K [0xa4910000, 0xa6d10000, 0xb4910000)
   the space 36864K,  99% used [0xa4910000, 0xa6d0ffe0, 0xa6d10000, 0xa6d10000)
No shared spaces configured.
Event: 23.217 GC heap after
Heap after GC invocations=28 (full 6):
 def new generation   total 21312K, used 0K [0x84910000, 0x86020000, 0x8f3b0000)
  eden space 19008K,   0% used [0x84910000, 0x84910000, 0x85ba0000)
  from space 2304K,   0% used [0x85ba0000, 0x85ba0000, 0x85de0000)
  to   space 2304K,   0% used [0x85de0000, 0x85de0000, 0x86020000)
 tenured generation   total 47076K, used 28243K [0x8f3b0000, 0x921a9000, 0xa4910000)
   the space 47076K,  59% used [0x8f3b0000, 0x90f44d40, 0x90f44e00, 0x921a9000)
 compacting perm gen  total 36864K, used 36863K [0xa4910000, 0xa6d10000, 0xb4910000)
   the space 36864K,  99% used [0xa4910000, 0xa6d0ffe0, 0xa6d10000, 0xa6d10000)
No shared spaces configured.
}
Event: 23.526 GC heap before
{Heap before GC invocations=28 (full 6):
 def new generation   total 21312K, used 19008K [0x84910000, 0x86020000, 0x8f3b0000)
  eden space 19008K, 100% used [0x84910000, 0x85ba0000, 0x85ba0000)
  from space 2304K,   0% used [0x85ba0000, 0x85ba0000, 0x85de0000)
  to   space 2304K,   0% used [0x85de0000, 0x85de0000, 0x86020000)
 tenured generation   total 47076K, used 28243K [0x8f3b0000, 0x921a9000, 0xa4910000)
   the space 47076K,  59% used [0x8f3b0000, 0x90f44d40, 0x90f44e00, 0x921a9000)
 compacting perm gen  total 37632K, used 37499K [0xa4910000, 0xa6dd0000, 0xb4910000)
   the space 37632K,  99% used [0xa4910000, 0xa6daeeb0, 0xa6daf000, 0xa6dd0000)
No shared spaces configured.
Event: 23.538 GC heap after
Heap after GC invocations=29 (full 6):
 def new generation   total 21312K, used 2117K [0x84910000, 0x86020000, 0x8f3b0000)
  eden space 19008K,   0% used [0x84910000, 0x84910000, 0x85ba0000)
  from space 2304K,  91% used [0x85de0000, 0x85ff1580, 0x86020000)
  to   space 2304K,   0% used [0x85ba0000, 0x85ba0000, 0x85de0000)
 tenured generation   total 47076K, used 28243K [0x8f3b0000, 0x921a9000, 0xa4910000)
   the space 47076K,  59% used [0x8f3b0000, 0x90f44d40, 0x90f44e00, 0x921a9000)
 compacting perm gen  total 37632K, used 37499K [0xa4910000, 0xa6dd0000, 0xb4910000)
   the space 37632K,  99% used [0xa4910000, 0xa6daeeb0, 0xa6daf000, 0xa6dd0000)
No shared spaces configured.
}
Event: 23.737 GC heap before
{Heap before GC invocations=29 (full 6):
 def new generation   total 21312K, used 21125K [0x84910000, 0x86020000, 0x8f3b0000)
  eden space 19008K, 100% used [0x84910000, 0x85ba0000, 0x85ba0000)
  from space 2304K,  91% used [0x85de0000, 0x85ff1580, 0x86020000)
  to   space 2304K,   0% used [0x85ba0000, 0x85ba0000, 0x85de0000)
 tenured generation   total 47076K, used 28243K [0x8f3b0000, 0x921a9000, 0xa4910000)
   the space 47076K,  59% used [0x8f3b0000, 0x90f44d40, 0x90f44e00, 0x921a9000)
 compacting perm gen  total 37632K, used 37508K [0xa4910000, 0xa6dd0000, 0xb4910000)
   the space 37632K,  99% used [0xa4910000, 0xa6db1250, 0xa6db1400, 0xa6dd0000)
No shared spaces configured.
Event: 23.747 GC heap after
Heap after GC invocations=30 (full 6):
 def new generation   total 21312K, used 610K [0x84910000, 0x86020000, 0x8f3b0000)
  eden space 19008K,   0% used [0x84910000, 0x84910000, 0x85ba0000)
  from space 2304K,  26% used [0x85ba0000, 0x85c389b8, 0x85de0000)
  to   space 2304K,   0% used [0x85de0000, 0x85de0000, 0x86020000)
 tenured generation   total 47076K, used 29439K [0x8f3b0000, 0x921a9000, 0xa4910000)
   the space 47076K,  62% used [0x8f3b0000, 0x9106fce0, 0x9106fe00, 0x921a9000)
 compacting perm gen  total 37632K, used 37508K [0xa4910000, 0xa6dd0000, 0xb4910000)
   the space 37632K,  99% used [0xa4910000, 0xa6db1250, 0xa6db1400, 0xa6dd0000)
No shared spaces configured.
}
Event: 23.860 GC heap before
{Heap before GC invocations=30 (full 6):
 def new generation   total 21312K, used 19618K [0x84910000, 0x86020000, 0x8f3b0000)
  eden space 19008K, 100% used [0x84910000, 0x85ba0000, 0x85ba0000)
  from space 2304K,  26% used [0x85ba0000, 0x85c389b8, 0x85de0000)
  to   space 2304K,   0% used [0x85de0000, 0x85de0000, 0x86020000)
 tenured generation   total 47076K, used 29439K [0x8f3b0000, 0x921a9000, 0xa4910000)
   the space 47076K,  62% used [0x8f3b0000, 0x9106fce0, 0x9106fe00, 0x921a9000)
 compacting perm gen  total 37632K, used 37519K [0xa4910000, 0xa6dd0000, 0xb4910000)
   the space 37632K,  99% used [0xa4910000, 0xa6db3f50, 0xa6db4000, 0xa6dd0000)
No shared spaces configured.
Event: 23.865 GC heap after
Heap after GC invocations=31 (full 6):
 def new generation   total 21312K, used 879K [0x84910000, 0x86020000, 0x8f3b0000)
  eden space 19008K,   0% used [0x84910000, 0x84910000, 0x85ba0000)
  from space 2304K,  38% used [0x85de0000, 0x85ebbe00, 0x86020000)
  to   space 2304K,   0% used [0x85ba0000, 0x85ba0000, 0x85de0000)
 tenured generation   total 47076K, used 29439K [0x8f3b0000, 0x921a9000, 0xa4910000)
   the space 47076K,  62% used [0x8f3b0000, 0x9106fce0, 0x9106fe00, 0x921a9000)
 compacting perm gen  total 37632K, used 37519K [0xa4910000, 0xa6dd0000, 0xb4910000)
   the space 37632K,  99% used [0xa4910000, 0xa6db3f50, 0xa6db4000, 0xa6dd0000)
No shared spaces configured.
}
Event: 27.794 GC heap before
{Heap before GC invocations=31 (full 6):
 def new generation   total 21312K, used 19887K [0x84910000, 0x86020000, 0x8f3b0000)
  eden space 19008K, 100% used [0x84910000, 0x85ba0000, 0x85ba0000)
  from space 2304K,  38% used [0x85de0000, 0x85ebbe00, 0x86020000)
  to   space 2304K,   0% used [0x85ba0000, 0x85ba0000, 0x85de0000)
 tenured generation   total 47076K, used 29439K [0x8f3b0000, 0x921a9000, 0xa4910000)
   the space 47076K,  62% used [0x8f3b0000, 0x9106fce0, 0x9106fe00, 0x921a9000)
 compacting perm gen  total 37632K, used 37535K [0xa4910000, 0xa6dd0000, 0xb4910000)
   the space 37632K,  99% used [0xa4910000, 0xa6db7cb8, 0xa6db7e00, 0xa6dd0000)
No shared spaces configured.
Event: 27.806 GC heap after
Heap after GC invocations=32 (full 6):
 def new generation   total 21312K, used 1040K [0x84910000, 0x86020000, 0x8f3b0000)
  eden space 19008K,   0% used [0x84910000, 0x84910000, 0x85ba0000)
  from space 2304K,  45% used [0x85ba0000, 0x85ca4240, 0x85de0000)
  to   space 2304K,   0% used [0x85de0000, 0x85de0000, 0x86020000)
 tenured generation   total 47076K, used 29439K [0x8f3b0000, 0x921a9000, 0xa4910000)
   the space 47076K,  62% used [0x8f3b0000, 0x9106fce0, 0x9106fe00, 0x921a9000)
 compacting perm gen  total 37632K, used 37535K [0xa4910000, 0xa6dd0000, 0xb4910000)
   the space 37632K,  99% used [0xa4910000, 0xa6db7cb8, 0xa6db7e00, 0xa6dd0000)
No shared spaces configured.
}

Deoptimization events (0 events):
No events

Internal exceptions (10 events):
Event: 23.757 Thread 0x087dc000 Threw 0x849f23c0 at /HUDSON/workspace/jdk7u5-2-build-linux-i586-product/jdk7u5/hotspot/src/share/vm/classfile/systemDictionary.cpp:
Event: 23.758 Thread 0x087dc000 Threw 0x84a50aa0 at /HUDSON/workspace/jdk7u5-2-build-linux-i586-product/jdk7u5/hotspot/src/share/vm/prims/jvm.cpp:1166
Event: 23.758 Thread 0x087dc000 Threw 0x84a511c0 at /HUDSON/workspace/jdk7u5-2-build-linux-i586-product/jdk7u5/hotspot/src/share/vm/prims/jvm.cpp:1166
Event: 23.758 Thread 0x087dc000 Threw 0x84a51468 at /HUDSON/workspace/jdk7u5-2-build-linux-i586-product/jdk7u5/hotspot/src/share/vm/classfile/systemDictionary.cpp:
Event: 27.825 Thread 0x09307400 Threw 0x849b1188 at /HUDSON/workspace/jdk7u5-2-build-linux-i586-product/jdk7u5/hotspot/src/share/vm/prims/jvm.cpp:1166
Event: 27.825 Thread 0x09307400 Threw 0x849b1878 at /HUDSON/workspace/jdk7u5-2-build-linux-i586-product/jdk7u5/hotspot/src/share/vm/prims/jvm.cpp:1166
Event: 27.825 Thread 0x09307400 Threw 0x849b6c30 at /HUDSON/workspace/jdk7u5-2-build-linux-i586-product/jdk7u5/hotspot/src/share/vm/prims/jvm.cpp:1166
Event: 27.825 Thread 0x09307400 Threw 0x849b7350 at /HUDSON/workspace/jdk7u5-2-build-linux-i586-product/jdk7u5/hotspot/src/share/vm/prims/jvm.cpp:1166
Event: 27.825 Thread 0x09307400 Threw 0x849b83a0 at /HUDSON/workspace/jdk7u5-2-build-linux-i586-product/jdk7u5/hotspot/src/share/vm/prims/jvm.cpp:1166
Event: 27.825 Thread 0x09307400 Threw 0x849b8ad0 at /HUDSON/workspace/jdk7u5-2-build-linux-i586-product/jdk7u5/hotspot/src/share/vm/prims/jvm.cpp:1166

Events (10 events):
Event: 27.828 Thread 0x09307400 Thread exited: 0x09307400
Event: 27.900 loading class 0x084c3220
Event: 27.900 loading class 0x084c3220 done
Event: 27.945 loading class 0x084c7328
Event: 27.945 loading class 0x084c7328 done
Event: 27.991 loading class 0x08545838
Event: 27.991 loading class 0x08545838 done
Event: 28.272 Thread 0x0855ec00 Thread exited: 0x0855ec00
Event: 28.272 Thread 0x0941c000 Thread exited: 0x0941c000
Event: 28.272 Executing VM operation: Exit


Dynamic libraries:
08048000-0804c000 r-xp 00000000 08:05 5377706    /opt/Aptana_Studio_3/AptanaStudio3
0804c000-0804d000 rw-p 00003000 08:05 5377706    /opt/Aptana_Studio_3/AptanaStudio3
0822f000-0947f000 rw-p 00000000 00:00 0          [heap]
77941000-77edf000 rw-p 00000000 00:00 0 
77edf000-77ee2000 ---p 00000000 00:00 0 
77ee2000-77f30000 rw-p 00000000 00:00 0 
77f30000-77f33000 ---p 00000000 00:00 0 
77f33000-77f81000 rw-p 00000000 00:00 0 
77f81000-77f84000 ---p 00000000 00:00 0 
77f84000-77fd2000 rw-p 00000000 00:00 0 
77fd2000-77fd3000 ---p 00000000 00:00 0 
77fd3000-77ff3000 rw-p 00000000 00:00 0 
77ff3000-77ff4000 ---p 00000000 00:00 0 
77ff4000-78014000 rw-p 00000000 00:00 0 
78014000-78070000 r-xp 00000000 08:05 7607986    /usr/lib/i386-linux-gnu/nss/libnssckbi.so
78070000-78079000 r--p 0005b000 08:05 7607986    /usr/lib/i386-linux-gnu/nss/libnssckbi.so
78079000-7807f000 rw-p 00064000 08:05 7607986    /usr/lib/i386-linux-gnu/nss/libnssckbi.so
7807f000-780cf000 r-xp 00000000 08:05 7607985    /usr/lib/i386-linux-gnu/nss/libfreebl3.so
780cf000-780d0000 r--p 00050000 08:05 7607985    /usr/lib/i386-linux-gnu/nss/libfreebl3.so
780d0000-780d1000 rw-p 00051000 08:05 7607985    /usr/lib/i386-linux-gnu/nss/libfreebl3.so
780d1000-780d5000 rw-p 00000000 00:00 0 
780d5000-78177000 r-xp 00000000 08:05 7607235    /usr/lib/i386-linux-gnu/libsqlite3.so.0.8.6
78177000-78178000 r--p 000a2000 08:05 7607235    /usr/lib/i386-linux-gnu/libsqlite3.so.0.8.6
78178000-78179000 rw-p 000a3000 08:05 7607235    /usr/lib/i386-linux-gnu/libsqlite3.so.0.8.6
78179000-7817a000 rw-p 00000000 00:00 0 
7817a000-781ba000 r-xp 00000000 08:05 7607990    /usr/lib/i386-linux-gnu/nss/libsoftokn3.so
781ba000-781bb000 r--p 00040000 08:05 7607990    /usr/lib/i386-linux-gnu/nss/libsoftokn3.so
781bb000-781bc000 rw-p 00041000 08:05 7607990    /usr/lib/i386-linux-gnu/nss/libsoftokn3.so
781bc000-781de000 r--s 00000000 08:05 8391263    /usr/share/fonts/truetype/liberation/LiberationSans-Regular.ttf
781de000-78200000 r--s 00000000 08:05 8391260    /usr/share/fonts/truetype/liberation/LiberationSans-Bold.ttf
78200000-78233000 rw-p 00000000 00:00 0 
78233000-78300000 ---p 00000000 00:00 0 
78307000-7830a000 ---p 00000000 00:00 0 
7830a000-78358000 rw-p 00000000 00:00 0 
78358000-78378000 rwxp 00000000 00:00 0 
78378000-78519000 rw-p 00000000 00:00 0 
7859a000-7861c000 rw-p 00000000 00:00 0 
7861c000-7863c000 rwxp 00000000 00:00 0 
7863c000-7867c000 rw-p 00000000 00:00 0 
7867c000-79000000 ---p 00000000 00:00 0 
79000000-79080000 rw-p 00000000 00:00 0 
79080000-79800000 ---p 00000000 00:00 0 
79800000-79880000 rw-p 00000000 00:00 0 
79880000-7a67c000 ---p 00000000 00:00 0 
7a67c000-7a67d000 ---p 00000000 00:00 0 
7a67d000-7ae7d000 rw-p 00000000 00:00 0 
7ae7d000-7ae80000 ---p 00000000 00:00 0 
7ae80000-7b67e000 rw-p 00000000 00:00 0 
7b67e000-7b67f000 ---p 00000000 00:00 0 
7b67f000-7be7f000 rw-p 00000000 00:00 0 
7be7f000-7c08e000 r-xp 00000000 08:05 6559013    /opt/Aptana_Studio_3/plugins/com.aptana.swt.webkitbrowser.linux.x86_1.0.0.1295409059/os/linux/x86/libosmesa.so
7c08e000-7c095000 r--p 0020e000 08:05 6559013    /opt/Aptana_Studio_3/plugins/com.aptana.swt.webkitbrowser.linux.x86_1.0.0.1295409059/os/linux/x86/libosmesa.so
7c095000-7c097000 rw-p 00215000 08:05 6559013    /opt/Aptana_Studio_3/plugins/com.aptana.swt.webkitbrowser.linux.x86_1.0.0.1295409059/os/linux/x86/libosmesa.so
7c097000-7c0a6000 rw-p 00000000 00:00 0 
7c0a6000-7c0cd000 r--s 00000000 08:05 6559014    /opt/Aptana_Studio_3/plugins/com.aptana.swt.webkitbrowser.linux.x86_1.0.0.1295409059/os/linux/x86/cefjniresources.pak
7c0cd000-7c268000 r-xp 00000000 08:05 6559012    /opt/Aptana_Studio_3/plugins/com.aptana.swt.webkitbrowser.linux.x86_1.0.0.1295409059/os/linux/x86/libffmpegsumo.so
7c268000-7c269000 r--p 0019a000 08:05 6559012    /opt/Aptana_Studio_3/plugins/com.aptana.swt.webkitbrowser.linux.x86_1.0.0.1295409059/os/linux/x86/libffmpegsumo.so
7c269000-7c26c000 rw-p 0019b000 08:05 6559012    /opt/Aptana_Studio_3/plugins/com.aptana.swt.webkitbrowser.linux.x86_1.0.0.1295409059/os/linux/x86/libffmpegsumo.so
7c26c000-7c2c7000 rw-p 00000000 00:00 0 
7c2c7000-7c2eb000 r-xp 00000000 08:05 7606859    /usr/lib/i386-linux-gnu/libdbus-glib-1.so.2.2.2
7c2eb000-7c2ec000 r--p 00023000 08:05 7606859    /usr/lib/i386-linux-gnu/libdbus-glib-1.so.2.2.2
7c2ec000-7c2ed000 rw-p 00024000 08:05 7606859    /usr/lib/i386-linux-gnu/libdbus-glib-1.so.2.2.2
7c2ed000-7c3c5000 r-xp 00000000 08:05 7607245    /usr/lib/i386-linux-gnu/libstdc++.so.6.0.16
7c3c5000-7c3c6000 ---p 000d8000 08:05 7607245    /usr/lib/i386-linux-gnu/libstdc++.so.6.0.16
7c3c6000-7c3ca000 r--p 000d8000 08:05 7607245    /usr/lib/i386-linux-gnu/libstdc++.so.6.0.16
7c3ca000-7c3cb000 rw-p 000dc000 08:05 7607245    /usr/lib/i386-linux-gnu/libstdc++.so.6.0.16
7c3cb000-7c3d2000 rw-p 00000000 00:00 0 
7c3d2000-7c4bf000 r-xp 00000000 08:05 7605762    /usr/lib/i386-linux-gnu/libasound.so.2.0.0
7c4bf000-7c4c3000 r--p 000ec000 08:05 7605762    /usr/lib/i386-linux-gnu/libasound.so.2.0.0
7c4c3000-7c4c4000 rw-p 000f0000 08:05 7605762    /usr/lib/i386-linux-gnu/libasound.so.2.0.0
7c4c4000-7c4f0000 r-xp 00000000 08:05 7606918    /usr/lib/i386-linux-gnu/libgconf-2.so.4.1.5
7c4f0000-7c4f1000 r--p 0002b000 08:05 7606918    /usr/lib/i386-linux-gnu/libgconf-2.so.4.1.5
7c4f1000-7c4f2000 rw-p 0002c000 08:05 7606918    /usr/lib/i386-linux-gnu/libgconf-2.so.4.1.5
7c4f2000-7c514000 r-xp 00000000 08:05 7603078    /usr/lib/i386-linux-gnu/libjpeg.so.62.0.0
7c514000-7c515000 r--p 00022000 08:05 7603078    /usr/lib/i386-linux-gnu/libjpeg.so.62.0.0
7c515000-7c516000 rw-p 00023000 08:05 7603078    /usr/lib/i386-linux-gnu/libjpeg.so.62.0.0
7c516000-7c550000 r-xp 00000000 08:05 7607113    /usr/lib/i386-linux-gnu/libnspr4.so
7c550000-7c551000 r--p 00039000 08:05 7607113    /usr/lib/i386-linux-gnu/libnspr4.so
7c551000-7c552000 rw-p 0003a000 08:05 7607113    /usr/lib/i386-linux-gnu/libnspr4.so
7c552000-7c554000 rw-p 00000000 00:00 0 
7c554000-7c57b000 r-xp 00000000 08:05 7607220    /usr/lib/i386-linux-gnu/libsmime3.so
7c57b000-7c57d000 r--p 00026000 08:05 7607220    /usr/lib/i386-linux-gnu/libsmime3.so
7c57d000-7c57e000 rw-p 00028000 08:05 7607220    /usr/lib/i386-linux-gnu/libsmime3.so
7c57e000-7c598000 r-xp 00000000 08:05 7607123    /usr/lib/i386-linux-gnu/libnssutil3.so
7c598000-7c59b000 r--p 00019000 08:05 7607123    /usr/lib/i386-linux-gnu/libnssutil3.so
7c59b000-7c59c000 rw-p 0001c000 08:05 7607123    /usr/lib/i386-linux-gnu/libnssutil3.so
7c59c000-7c6c1000 r-xp 00000000 08:05 7607114    /usr/lib/i386-linux-gnu/libnss3.so
7c6c1000-7c6c4000 r--p 00124000 08:05 7607114    /usr/lib/i386-linux-gnu/libnss3.so
7c6c4000-7c6c6000 rw-p 00127000 08:05 7607114    /usr/lib/i386-linux-gnu/libnss3.so
7c6c6000-7e596000 r-xp 00000000 08:05 6559011    /opt/Aptana_Studio_3/plugins/com.aptana.swt.webkitbrowser.linux.x86_1.0.0.1295409059/os/linux/x86/libcefjni.so
7e596000-7e597000 r--p 01ecf000 08:05 6559011    /opt/Aptana_Studio_3/plugins/com.aptana.swt.webkitbrowser.linux.x86_1.0.0.1295409059/os/linux/x86/libcefjni.so
7e597000-7e5a8000 rw-p 01ed0000 08:05 6559011    /opt/Aptana_Studio_3/plugins/com.aptana.swt.webkitbrowser.linux.x86_1.0.0.1295409059/os/linux/x86/libcefjni.so
7e5a8000-7e5c7000 rw-p 00000000 00:00 0 
7e5c7000-7e5ca000 ---p 00000000 00:00 0 
7e5ca000-7e618000 rw-p 00000000 00:00 0 
7e618000-7e652000 r--p 00000000 08:05 8398343    /usr/share/fonts/truetype/ttf-dejavu/DejaVuSansMono-BoldOblique.ttf
7e652000-7e68e000 r--p 00000000 08:05 8398344    /usr/share/fonts/truetype/ttf-dejavu/DejaVuSansMono-Oblique.ttf
7e68e000-7e6db000 r--p 00000000 08:05 8391334    /usr/share/fonts/truetype/ttf-dejavu/DejaVuSansMono-Bold.ttf
7e6db000-7e733000 r--p 00000000 08:05 8391360    /usr/share/fonts/truetype/ubuntu-font-family/Ubuntu-BI.ttf
7e733000-7e792000 r--p 00000000 08:05 8391365    /usr/share/fonts/truetype/ubuntu-font-family/Ubuntu-RI.ttf
7e792000-7e7e4000 r--p 00000000 08:05 8391359    /usr/share/fonts/truetype/ubuntu-font-family/Ubuntu-B.ttf
7e7e4000-7e7e7000 ---p 00000000 00:00 0 
7e7e7000-7e835000 rw-p 00000000 00:00 0 
7e835000-7e85b000 r--s 0025f000 08:05 5377620    /opt/Aptana_Studio_3/plugins/com.aptana.libraries_3.0.0.1329404579/derby.jar
7e85b000-7e877000 r-xp 00000000 08:05 6030260    /lib/i386-linux-gnu/libgcc_s.so.1
7e877000-7e878000 r--p 0001b000 08:05 6030260    /lib/i386-linux-gnu/libgcc_s.so.1
7e878000-7e879000 rw-p 0001c000 08:05 6030260    /lib/i386-linux-gnu/libgcc_s.so.1
7e879000-7e8ac000 r-xp 00000000 08:05 9446058    /usr/lib/jvm/java-7-oracle/jre/lib/i386/libsunec.so
7e8ac000-7e8b0000 rw-p 00032000 08:05 9446058    /usr/lib/jvm/java-7-oracle/jre/lib/i386/libsunec.so
7e8b0000-7e8b4000 rw-p 00000000 00:00 0 
7e8b4000-7e8b7000 ---p 00000000 00:00 0 
7e8b7000-7e905000 rw-p 00000000 00:00 0 
7e905000-7e908000 ---p 00000000 00:00 0 
7e908000-7e956000 rw-p 00000000 00:00 0 
7e956000-7e959000 ---p 00000000 00:00 0 
7e959000-7e9a7000 rw-p 00000000 00:00 0 
7e9a7000-7e9aa000 ---p 00000000 00:00 0 
7e9aa000-7e9f8000 rw-p 00000000 00:00 0 
7e9f8000-7e9fb000 ---p 00000000 00:00 0 
7e9fb000-7ea49000 rw-p 00000000 00:00 0 
7ea49000-7ea4c000 ---p 00000000 00:00 0 
7ea4c000-7ea9a000 rw-p 00000000 00:00 0 
7ea9a000-7ea9d000 ---p 00000000 00:00 0 
7ea9d000-7eaeb000 rw-p 00000000 00:00 0 
7eaeb000-7eaee000 ---p 00000000 00:00 0 
7eaee000-7eb3c000 rw-p 00000000 00:00 0 
7eb3c000-7eb3f000 ---p 00000000 00:00 0 
7eb3f000-7eb8d000 rw-p 00000000 00:00 0 
7eb8d000-7ec46000 r--s 008fd000 08:05 5377492    /opt/Aptana_Studio_3/plugins/org.jruby_1.6.4.1331328108/lib/jruby.jar
7ec46000-7eca6000 rw-s 00000000 00:04 68091927   /SYSV00000000 (deleted)
7eca6000-7ecd8000 r--s 00244000 08:05 5377687    /opt/Aptana_Studio_3/plugins/org.eclipse.debug.ui_3.7.102.v20111129-1423_r372.jar
7ecd8000-7ecf5000 r--s 0035b000 08:05 5377674    /opt/Aptana_Studio_3/plugins/com.aptana.scripting_3.0.0.1332781285.jar
7ecf5000-7ecfb000 r--s 00043000 08:05 5905999    /opt/Aptana_Studio_3/plugins/org.python.pydev.core_2.5.0.2012050419/core.jar
7ecfb000-7ed15000 r--s 00173000 08:05 5377245    /opt/Aptana_Studio_3/plugins/org.python.pydev_2.5.0.2012050419/pydev.jar
7ed15000-7ee5c000 r-xp 00000000 08:05 7610838    /usr/lib/i386-linux-gnu/libxml2.so.2.7.8
7ee5c000-7ee60000 r--p 00147000 08:05 7610838    /usr/lib/i386-linux-gnu/libxml2.so.2.7.8
7ee60000-7ee61000 rw-p 0014b000 08:05 7610838    /usr/lib/i386-linux-gnu/libxml2.so.2.7.8
7ee61000-7ee62000 rw-p 00000000 00:00 0 
7ee62000-7ee9a000 r-xp 00000000 08:05 7606832    /usr/lib/i386-linux-gnu/libcroco-0.6.so.3.0.1
7ee9a000-7ee9b000 ---p 00038000 08:05 7606832    /usr/lib/i386-linux-gnu/libcroco-0.6.so.3.0.1
7ee9b000-7ee9d000 r--p 00038000 08:05 7606832    /usr/lib/i386-linux-gnu/libcroco-0.6.so.3.0.1
7ee9d000-7ee9e000 rw-p 0003a000 08:05 7606832    /usr/lib/i386-linux-gnu/libcroco-0.6.so.3.0.1
7ee9e000-7eed5000 r-xp 00000000 08:05 7607202    /usr/lib/i386-linux-gnu/librsvg-2.so.2.36.1
7eed5000-7eed6000 r--p 00036000 08:05 7607202    /usr/lib/i386-linux-gnu/librsvg-2.so.2.36.1
7eed6000-7eed7000 rw-p 00037000 08:05 7607202    /usr/lib/i386-linux-gnu/librsvg-2.so.2.36.1
7eeeb000-7eeec000 r-xp 00000000 08:05 7607655    /usr/lib/i386-linux-gnu/gdk-pixbuf-2.0/2.10.0/loaders/libpixbufloader-svg.so
7eeec000-7eeed000 r--p 00000000 08:05 7607655    /usr/lib/i386-linux-gnu/gdk-pixbuf-2.0/2.10.0/loaders/libpixbufloader-svg.so
7eeed000-7eeee000 rw-p 00001000 08:05 7607655    /usr/lib/i386-linux-gnu/gdk-pixbuf-2.0/2.10.0/loaders/libpixbufloader-svg.so
7eeee000-7fe73000 r--p 00000000 08:05 8915427    /usr/share/icons/hicolor/icon-theme.cache
7fe73000-8075d000 r--p 00000000 08:05 8915424    /usr/share/icons/gnome/icon-theme.cache
8075d000-80846000 r--p 00000000 08:05 8919419    /usr/share/icons/Humanity/icon-theme.cache
80846000-80851000 r--p 00000000 08:05 8926694    /usr/share/icons/Humanity-Dark/icon-theme.cache
80851000-80874000 r--p 00000000 08:05 8930014    /usr/share/icons/ubuntu-mono-dark/icon-theme.cache
80874000-80878000 r--s 00028000 08:05 5377518    /opt/Aptana_Studio_3/plugins/com.aptana.ui_3.0.3.1331579821.jar
80878000-80882000 r-xp 00000000 08:05 5906184    /home/cr01nk/.eclipse/1287824591/configuration/org.eclipse.osgi/bundles/228/1/.cp/libswt-cairo-gtk-3740.so
80882000-80883000 rw-p 00009000 08:05 5906184    /home/cr01nk/.eclipse/1287824591/configuration/org.eclipse.osgi/bundles/228/1/.cp/libswt-cairo-gtk-3740.so
80883000-80886000 ---p 00000000 00:00 0 
80886000-808d4000 rw-p 00000000 00:00 0 
808d4000-808d7000 ---p 00000000 00:00 0 
808d7000-80925000 rw-p 00000000 00:00 0 
80925000-80929000 r--s 00038000 08:05 5377723    /opt/Aptana_Studio_3/plugins/com.aptana.core_3.0.4.1335336057.jar
80929000-80937000 r--s 000bb000 08:05 5377528    /opt/Aptana_Studio_3/plugins/com.aptana.editor.php_3.0.3.1335475327.jar
80937000-80944000 r--s 000a5000 08:05 5377713    /opt/Aptana_Studio_3/plugins/com.aptana.editor.common_3.0.3.1335474991.jar
80944000-80947000 ---p 00000000 00:00 0 
80947000-80995000 rw-p 00000000 00:00 0 
80998000-8099c000 r-xp 00000000 08:05 7607161    /usr/lib/i386-linux-gnu/libplc4.so
8099c000-8099d000 r--p 00003000 08:05 7607161    /usr/lib/i386-linux-gnu/libplc4.so
8099d000-8099e000 rw-p 00004000 08:05 7607161    /usr/lib/i386-linux-gnu/libplc4.so
8099e000-8099f000 ---p 00000000 00:00 0 
8099f000-8119f000 rw-p 00000000 00:00 0 
8119f000-811b9000 r-xp 00000000 08:05 7606861    /usr/lib/i386-linux-gnu/libdbusmenu-glib.so.4.0.12
811b9000-811ba000 r--p 00019000 08:05 7606861    /usr/lib/i386-linux-gnu/libdbusmenu-glib.so.4.0.12
811ba000-811bb000 rw-p 0001a000 08:05 7606861    /usr/lib/i386-linux-gnu/libdbusmenu-glib.so.4.0.12
811bb000-811cc000 r-xp 00000000 08:05 7606863    /usr/lib/i386-linux-gnu/libdbusmenu-gtk.so.4.0.12
811cc000-811cd000 r--p 00010000 08:05 7606863    /usr/lib/i386-linux-gnu/libdbusmenu-gtk.so.4.0.12
811cd000-811ce000 rw-p 00011000 08:05 7606863    /usr/lib/i386-linux-gnu/libdbusmenu-gtk.so.4.0.12
811cf000-811d6000 r--s 0004f000 08:05 5377604    /opt/Aptana_Studio_3/plugins/com.aptana.git.ui_3.0.3.1332428263.jar
811d6000-811e2000 r--s 000ba000 08:05 5377646    /opt/Aptana_Studio_3/plugins/org.eclipse.core.resources_3.7.101.v20120125-1505.jar
811e2000-81287000 r--p 00000000 08:05 8391332    /usr/share/fonts/truetype/ttf-dejavu/DejaVuSans-Bold.ttf
81287000-81295000 r-xp 00000000 08:05 6030338    /lib/i386-linux-gnu/libudev.so.0.13.0
81295000-81296000 r--p 0000e000 08:05 6030338    /lib/i386-linux-gnu/libudev.so.0.13.0
81296000-81297000 rw-p 0000f000 08:05 6030338    /lib/i386-linux-gnu/libudev.so.0.13.0
81297000-812de000 r-xp 00000000 08:05 6030251    /lib/i386-linux-gnu/libdbus-1.so.3.5.8
812de000-812df000 r--p 00046000 08:05 6030251    /lib/i386-linux-gnu/libdbus-1.so.3.5.8
812df000-812e0000 rw-p 00047000 08:05 6030251    /lib/i386-linux-gnu/libdbus-1.so.3.5.8
812e0000-812f5000 r-xp 00000000 08:05 7607867    /usr/lib/i386-linux-gnu/gvfs/libgvfscommon.so
812f5000-812f6000 r--p 00014000 08:05 7607867    /usr/lib/i386-linux-gnu/gvfs/libgvfscommon.so
812f6000-812f7000 rw-p 00015000 08:05 7607867    /usr/lib/i386-linux-gnu/gvfs/libgvfscommon.so
812f7000-81320000 r-xp 00000000 08:05 7607668    /usr/lib/i386-linux-gnu/gio/modules/libgvfsdbus.so
81320000-81321000 r--p 00028000 08:05 7607668    /usr/lib/i386-linux-gnu/gio/modules/libgvfsdbus.so
81321000-81322000 rw-p 00029000 08:05 7607668    /usr/lib/i386-linux-gnu/gio/modules/libgvfsdbus.so
81322000-81366000 r-xp 00000000 08:05 7607043    /usr/lib/i386-linux-gnu/libibus-1.0.so.0.401.0
81366000-81367000 r--p 00043000 08:05 7607043    /usr/lib/i386-linux-gnu/libibus-1.0.so.0.401.0
81367000-81368000 rw-p 00044000 08:05 7607043    /usr/lib/i386-linux-gnu/libibus-1.0.so.0.401.0
81368000-8136b000 r--s 00014000 08:05 5377575    /opt/Aptana_Studio_3/plugins/org.eclipse.core.contenttype_3.4.100.v20110423-0524.jar
8136b000-81370000 r-xp 00000000 08:05 7606576    /usr/lib/gtk-2.0/2.10.0/menuproxies/libappmenu.so
81370000-81371000 r--p 00004000 08:05 7606576    /usr/lib/gtk-2.0/2.10.0/menuproxies/libappmenu.so
81371000-81372000 rw-p 00005000 08:05 7606576    /usr/lib/gtk-2.0/2.10.0/menuproxies/libappmenu.so
81372000-8137b000 r-xp 00000000 08:05 5906183    /home/cr01nk/.eclipse/1287824591/configuration/org.eclipse.osgi/bundles/228/1/.cp/libswt-atk-gtk-3740.so
8137b000-8137c000 rw-p 00009000 08:05 5906183    /home/cr01nk/.eclipse/1287824591/configuration/org.eclipse.osgi/bundles/228/1/.cp/libswt-atk-gtk-3740.so
8137c000-81382000 r-xp 00000000 08:05 7607807    /usr/lib/i386-linux-gnu/gtk-2.0/2.10.0/immodules/im-ibus.so
81382000-81383000 r--p 00005000 08:05 7607807    /usr/lib/i386-linux-gnu/gtk-2.0/2.10.0/immodules/im-ibus.so
81383000-81384000 rw-p 00006000 08:05 7607807    /usr/lib/i386-linux-gnu/gtk-2.0/2.10.0/immodules/im-ibus.so
81384000-81389000 r-xp 00000000 08:05 7607645    /usr/lib/i386-linux-gnu/gdk-pixbuf-2.0/2.10.0/loaders/libpixbufloader-gif.so
81389000-8138a000 r--p 00005000 08:05 7607645    /usr/lib/i386-linux-gnu/gdk-pixbuf-2.0/2.10.0/loaders/libpixbufloader-gif.so
8138a000-8138b000 rw-p 00006000 08:05 7607645    /usr/lib/i386-linux-gnu/gdk-pixbuf-2.0/2.10.0/loaders/libpixbufloader-gif.so
8138b000-8138f000 r-xp 00000000 08:05 7607651    /usr/lib/i386-linux-gnu/gdk-pixbuf-2.0/2.10.0/loaders/libpixbufloader-png.so
8138f000-81390000 r--p 00003000 08:05 7607651    /usr/lib/i386-linux-gnu/gdk-pixbuf-2.0/2.10.0/loaders/libpixbufloader-png.so
81390000-81391000 rw-p 00004000 08:05 7607651    /usr/lib/i386-linux-gnu/gdk-pixbuf-2.0/2.10.0/loaders/libpixbufloader-png.so
81391000-813e3000 r--p 00000000 08:05 8391335    /usr/share/fonts/truetype/ttf-dejavu/DejaVuSansMono.ttf
813e3000-8143a000 r--p 00000000 08:05 8391364    /usr/share/fonts/truetype/ubuntu-font-family/Ubuntu-R.ttf
8143a000-8143c000 r-xp 00000000 08:05 7608010    /usr/lib/i386-linux-gnu/pango/1.6.0/modules/pango-basic-fc.so
8143c000-8143d000 r--p 00001000 08:05 7608010    /usr/lib/i386-linux-gnu/pango/1.6.0/modules/pango-basic-fc.so
8143d000-8143e000 rw-p 00002000 08:05 7608010    /usr/lib/i386-linux-gnu/pango/1.6.0/modules/pango-basic-fc.so
8143e000-8143f000 r--s 00000000 08:05 10092756   /var/cache/fontconfig/c05880de57d1f5e948fdfacc138775d9-le32d4.cache-3
8143f000-81445000 r--s 00000000 08:05 10092751   /var/cache/fontconfig/945677eb7aeaf62f1d50efc3fb3ec7d8-le32d4.cache-3
81445000-81447000 r--s 00000000 08:05 10092752   /var/cache/fontconfig/99e8ed0e538f840c565b6ed5dad60d56-le32d4.cache-3
81447000-8144a000 r--s 00000000 08:05 10092738   /var/cache/fontconfig/2cd17615ca594fa2959ae173292e504c-le32d4.cache-3
8144a000-8144e000 r--s 00000000 08:05 10092753   /var/cache/fontconfig/a755afe4a08bf5b97852ceb7400b47bc-le32d4.cache-3
8144e000-81455000 r--s 00000000 08:05 10104508   /var/cache/fontconfig/6d41288fd70b0be22e8c3a91e032eec0-le32d4.cache-3
81455000-81460000 r--s 00000000 08:05 10092735   /var/cache/fontconfig/04aabc0a78ac019cf9454389977116d2-le32d4.cache-3
81460000-81463000 r--s 00000000 08:05 10092741   /var/cache/fontconfig/385c0604a188198f04d133e54aba7fe7-le32d4.cache-3
81463000-81466000 r--s 00000000 08:05 10092750   /var/cache/fontconfig/8801497958630a81b71ace7c5f9b32a8-le32d4.cache-3
81466000-814c1000 r-xp 00000000 08:05 5906170    /home/cr01nk/.eclipse/1287824591/configuration/org.eclipse.osgi/bundles/228/1/.cp/libswt-pi-gtk-3740.so
814c1000-814c3000 rw-p 0005a000 08:05 5906170    /home/cr01nk/.eclipse/1287824591/configuration/org.eclipse.osgi/bundles/228/1/.cp/libswt-pi-gtk-3740.so
814c3000-814c4000 rw-p 00000000 00:00 0 
814c4000-81500000 r--s 00629000 08:05 5377700    /opt/Aptana_Studio_3/plugins/com.ibm.icu_4.4.2.v20110823.jar
81500000-815f3000 rw-p 00000000 00:00 0 
815f3000-81600000 ---p 00000000 00:00 0 
81600000-8160d000 r--s 00000000 08:05 10092759   /var/cache/fontconfig/d52a8644073d54c13679302ca1180695-le32d4.cache-3
8160d000-81610000 ---p 00000000 00:00 0 
81610000-8165e000 rw-p 00000000 00:00 0 
8165e000-81661000 ---p 00000000 00:00 0 
81661000-816af000 rw-p 00000000 00:00 0 
816af000-816b2000 ---p 00000000 00:00 0 
816b2000-81700000 rw-p 00000000 00:00 0 
81700000-81800000 rw-p 00000000 00:00 0 
81800000-81847000 r--s 003b3000 08:05 5377499    /opt/Aptana_Studio_3/plugins/org.eclipse.ui.workbench_3.7.1.v20120104-1859.jar
81847000-8186f000 r--s 00214000 08:05 5377529    /opt/Aptana_Studio_3/plugins/org.eclipse.ui.ide_3.7.0.v20110928-1505.jar
81870000-81875000 r-xp 00000000 08:05 7606755    /usr/lib/i386-linux-gnu/libXtst.so.6.1.0
81875000-81876000 r--p 00004000 08:05 7606755    /usr/lib/i386-linux-gnu/libXtst.so.6.1.0
81876000-81877000 rw-p 00005000 08:05 7606755    /usr/lib/i386-linux-gnu/libXtst.so.6.1.0
81877000-8187b000 r--s 00000000 08:05 10092739   /var/cache/fontconfig/3047814df9a2f067bd2d96a2b9c36e5a-le32d4.cache-3
8187b000-8187f000 r--s 00000000 08:05 10092754   /var/cache/fontconfig/b47c4e1ecd0709278f4910c18777a504-le32d4.cache-3
8187f000-81887000 r--s 00000000 08:05 6688120    /home/cr01nk/.fontconfig/e13b20fdb08344e0e664864cc2ede53d-le32d4.cache-3
81887000-8188b000 rwxp 00000000 00:00 0 
8188b000-8188e000 r-xp 00000000 08:05 5906169    /home/cr01nk/.eclipse/1287824591/configuration/org.eclipse.osgi/bundles/228/1/.cp/libswt-gtk-3740.so
8188e000-8188f000 rw-p 00002000 08:05 5906169    /home/cr01nk/.eclipse/1287824591/configuration/org.eclipse.osgi/bundles/228/1/.cp/libswt-gtk-3740.so
8188f000-81890000 rw-p 00000000 00:00 0 
8189b000-8189e000 r--s 00014000 08:05 5377692    /opt/Aptana_Studio_3/plugins/org.eclipse.core.jobs_3.5.101.v20120113-1953.jar
8189e000-818a4000 rw-s 00000000 00:12 1358143    /run/shm/com.google.chrome.shmem.libcef_16358597446050043958
818a4000-818af000 r--s 0007b000 08:05 5377452    /opt/Aptana_Studio_3/plugins/org.python.pydev.debug_2.5.0.2012050419/pydev-debug.jar
818af000-818b2000 ---p 00000000 00:00 0 
818b2000-81900000 rw-p 00000000 00:00 0 
81900000-819fb000 rw-p 00000000 00:00 0 
819fb000-81a00000 ---p 00000000 00:00 0 
81a00000-81aff000 rw-p 00000000 00:00 0 
81aff000-81b00000 ---p 00000000 00:00 0 
81b00000-81b03000 r--s 00000000 08:05 10093842   /var/cache/fontconfig/7ef2298fde41cc6eeb7af42e48b7d293-le32d4.cache-3
81b03000-81b0c000 r--s 00254000 08:05 9446099    /usr/lib/jvm/java-7-oracle/jre/lib/resources.jar
81b10000-81b13000 ---p 00000000 00:00 0 
81b13000-81b1f000 rw-p 00000000 00:00 0 
81b1f000-81b28000 r--s 0005a000 08:05 5377504    /opt/Aptana_Studio_3/plugins/org.eclipse.ui.navigator_3.5.101.v20120106-1355.jar
81b28000-81b34000 r--s 00081000 08:05 5377511    /opt/Aptana_Studio_3/plugins/org.eclipse.ui.editors_3.7.0.v20110928-1504.jar
81b39000-81b3e000 r--s 00021000 08:05 5377507    /opt/Aptana_Studio_3/plugins/org.eclipse.ui_3.7.0.v20110928-1505.jar
81b3e000-81b59000 r--s 00145000 08:05 5377681    /opt/Aptana_Studio_3/plugins/org.eclipse.team.ui_3.6.101.R37x_v20111109-0800.jar
81b59000-81b62000 r--s 00058000 08:05 5377615    /opt/Aptana_Studio_3/plugins/org.eclipse.team.core_3.6.0.I20110525-0800.jar
81b62000-81b76000 r--s 0021f000 08:05 5377537    /opt/Aptana_Studio_3/plugins/org.eclipse.swt.gtk.linux.x86_3.7.2.v3740f.jar
81b77000-81b7c000 r-xp 00000000 08:05 6030288    /lib/i386-linux-gnu/libnss_dns-2.15.so
81b7c000-81b7d000 r--p 00004000 08:05 6030288    /lib/i386-linux-gnu/libnss_dns-2.15.so
81b7d000-81b7e000 rw-p 00005000 08:05 6030288    /lib/i386-linux-gnu/libnss_dns-2.15.so
81b7e000-81b93000 r--s 001ff000 08:05 5377754    /opt/Aptana_Studio_3/plugins/com.aptana.editor.php.epl_3.0.0.1331845740.jar
81b93000-81ba6000 r--s 000dd000 08:05 5377523    /opt/Aptana_Studio_3/plugins/org.eclipse.jface.text_3.7.2.v20111213-1208.jar
81ba6000-81ba9000 r-xp 00000000 08:05 7607162    /usr/lib/i386-linux-gnu/libplds4.so
81ba9000-81baa000 r--p 00002000 08:05 7607162    /usr/lib/i386-linux-gnu/libplds4.so
81baa000-81bab000 rw-p 00003000 08:05 7607162    /usr/lib/i386-linux-gnu/libplds4.so
81bab000-81baf000 r--s 0002d000 08:05 9446017    /usr/lib/jvm/java-7-oracle/jre/lib/ext/sunjce_provider.jar
81baf000-81bc3000 r--s 000f3000 08:05 5377596    /opt/Aptana_Studio_3/plugins/org.eclipse.jface_3.7.0.v20110928-1505.jar
81bc4000-81bc6000 r--s 0001b000 08:05 5377712    /opt/Aptana_Studio_3/plugins/com.aptana.core.io_3.0.3.1334782571.jar
81bc6000-81bcc000 r--s 0004a000 08:05 5377610    /opt/Aptana_Studio_3/plugins/com.aptana.ui.io_3.0.0.1333562877.jar
81bcd000-81bd7000 r--s 00088000 08:05 5377496    /opt/Aptana_Studio_3/plugins/org.eclipse.update.core_3.2.500.v20110330.jar
81bd7000-81bdf000 r--s 0005e000 08:05 5377682    /opt/Aptana_Studio_3/plugins/org.eclipse.help.base_3.6.2.v201202080800.jar
81be0000-81be5000 r--s 00034000 08:05 5377683    /opt/Aptana_Studio_3/plugins/com.aptana.ui.epl_3.0.0.1333513297.jar
81be5000-81be6000 r-xp 00000000 08:05 7607019    /usr/lib/i386-linux-gnu/libgthread-2.0.so.0.3200.1
81be6000-81be7000 r--p 00000000 08:05 7607019    /usr/lib/i386-linux-gnu/libgthread-2.0.so.0.3200.1
81be7000-81be8000 rw-p 00001000 08:05 7607019    /usr/lib/i386-linux-gnu/libgthread-2.0.so.0.3200.1
81be9000-81bec000 r--s 00010000 08:05 5377623    /opt/Aptana_Studio_3/plugins/com.aptana.preview_3.0.0.1331858816.jar
81bec000-81bf0000 r--s 0001e000 08:05 5377624    /opt/Aptana_Studio_3/plugins/org.eclipse.ui.externaltools_3.2.0.v20111007_r372.jar
81bf0000-81bf4000 r--s 0001c000 08:05 5377631    /opt/Aptana_Studio_3/plugins/org.eclipse.equinox.p2.repository_2.1.1.v20120113-1346.jar
81bf4000-81c00000 r--s 00083000 08:05 5377506    /opt/Aptana_Studio_3/plugins/org.eclipse.ui.workbench.texteditor_3.7.0.v20110928-1504.jar
81c00000-81cff000 rw-p 00000000 00:00 0 
81cff000-81d00000 ---p 00000000 00:00 0 
81d00000-81d02000 r--s 0000b000 08:05 5377653    /opt/Aptana_Studio_3/plugins/com.aptana.usage_3.0.0.1335474991.jar
81d02000-81d0a000 r--s 0004d000 08:05 5377534    /opt/Aptana_Studio_3/plugins/org.eclipse.debug.core_3.7.1.v20111129-2031.jar
81d0b000-81d0d000 r--s 0000d000 08:05 5377585    /opt/Aptana_Studio_3/plugins/org.eclipse.equinox.p2.ui.sdk.scheduler_1.0.100.v20110815-1419.jar
81d0d000-81d11000 r--s 0001a000 08:05 5377498    /opt/Aptana_Studio_3/plugins/org.eclipse.ui.navigator.resources_3.4.300.v20110928-1505.jar
81d11000-81d15000 r--s 00029000 08:05 5377698    /opt/Aptana_Studio_3/plugins/org.eclipse.equinox.registry_3.5.101.R37x_v20110810-1611.jar
81d15000-81d1c000 r--s 0004c000 08:05 5377535    /opt/Aptana_Studio_3/plugins/org.eclipse.equinox.p2.metadata_2.1.0.v20110815-1419.jar
81d1c000-81d20000 r--s 00013000 08:05 5377500    /opt/Aptana_Studio_3/plugins/org.eclipse.ui.views_3.6.0.v20110928-1505.jar
81d20000-81d26000 r--s 00044000 08:05 5377673    /opt/Aptana_Studio_3/plugins/org.eclipse.ui.forms_3.5.101.v20111011-1919.jar
81d26000-81d2d000 r--s 0003b000 08:05 5377581    /opt/Aptana_Studio_3/plugins/com.aptana.js.debug.ui_3.0.0.1332171195.jar
81d2d000-81d31000 r--s 0003b000 08:05 5377667    /opt/Aptana_Studio_3/plugins/org.eclipse.help_3.5.100.v20110426.jar
81d32000-81d36000 r--s 0002a000 08:05 5377686    /opt/Aptana_Studio_3/plugins/org.eclipse.equinox.p2.engine_2.1.1.R37x_v20111003.jar
81d36000-81d39000 r--s 0000f000 08:05 5377679    /opt/Aptana_Studio_3/plugins/org.eclipse.equinox.p2.core_2.1.1.v20120113-1346.jar
81d39000-81d3d000 r--s 00024000 08:05 5377543    /opt/Aptana_Studio_3/plugins/org.eclipse.ui.console_3.5.100.v20111007_r372.jar
81d3e000-81d43000 r--s 0002a000 08:05 5377663    /opt/Aptana_Studio_3/plugins/org.eclipse.ui.browser_3.3.101.v20111019-1723.jar
81d43000-81d45000 r-xp 00000000 08:05 6029367    /lib/libnss_mdns4_minimal.so.2
81d45000-81d46000 r--p 00001000 08:05 6029367    /lib/libnss_mdns4_minimal.so.2
81d46000-81d47000 rw-p 00002000 08:05 6029367    /lib/libnss_mdns4_minimal.so.2
81d47000-81d49000 r--s 00010000 08:05 5377680    /opt/Aptana_Studio_3/plugins/org.eclipse.core.runtime_3.7.0.v20110110.jar
81d49000-81d4b000 r--s 00017000 08:05 5377502    /opt/Aptana_Studio_3/plugins/org.eclipse.update.configurator_3.3.100.v20100512.jar
81d4b000-81d50000 r--s 00038000 08:05 5377589    /opt/Aptana_Studio_3/plugins/org.eclipse.text_3.5.101.v20110928-1504.jar
81d50000-81d52000 r--s 0000a000 08:05 5377495    /opt/Aptana_Studio_3/plugins/org.eclipse.ui.net_1.2.100.v20111208-1155.jar
81d52000-81d55000 r--s 00018000 08:05 9446070    /usr/lib/jvm/java-7-oracle/jre/lib/jce.jar
81d55000-81d58000 r--s 00017000 08:05 5377531    /opt/Aptana_Studio_3/plugins/org.eclipse.equinox.security_1.1.1.R37x_v20110822-1018.jar
81d58000-81d59000 r--s 00000000 08:05 10092763   /var/cache/fontconfig/e7071f4a29fa870f4323321c154eba04-le32d4.cache-3
81d5b000-81d5e000 r--s 00019000 08:05 5377592    /opt/Aptana_Studio_3/plugins/org.eclipse.equinox.preferences_3.4.2.v20120111-2020.jar
81d5e000-81d60000 r--s 0000c000 08:05 5377527    /opt/Aptana_Studio_3/plugins/org.eclipse.equinox.p2.operations_2.1.1.R37x_v20111111.jar
81d60000-81d62000 r--s 0000f000 08:05 5377661    /opt/Aptana_Studio_3/plugins/org.eclipse.core.net_1.2.100.I20110511-0800.jar
81d62000-81d64000 r--s 00174000 08:05 5377740    /opt/Aptana_Studio_3/plugins/com.aptana.browser_3.0.0.1331057464.jar
81d64000-81d65000 r--s 00000000 08:05 10092736   /var/cache/fontconfig/0d8c3b2ac0904cb8a57a757ad11a4a08-le32d4.cache-3
81d65000-81d6f000 r--s 00069000 08:05 5377520    /opt/Aptana_Studio_3/plugins/org.eclipse.search_3.7.0.v20110928-1504.jar
81d70000-81d72000 r--s 00059000 08:05 5377644    /opt/Aptana_Studio_3/plugins/com.aptana.filewatcher_3.0.1.1331996002.jar
81d72000-81d74000 r--s 0000b000 08:05 5377751    /opt/Aptana_Studio_3/plugins/com.aptana.deploy_3.0.3.1332170057.jar
81d75000-81d77000 r--s 0000f000 08:05 5377600    /opt/Aptana_Studio_3/plugins/com.aptana.ruby.ui_3.0.2.1329404637.jar
81d77000-81d7a000 r--s 00019000 08:05 5377579    /opt/Aptana_Studio_3/plugins/com.aptana.ruby.debug.ui_3.0.2.1332171064.jar
81d7a000-81d7d000 r--s 00019000 08:05 5377576    /opt/Aptana_Studio_3/plugins/org.eclipse.core.filebuffers_3.5.200.v20110928-1504.jar
81d7e000-81d80000 r--s 00008000 08:05 5377627    /opt/Aptana_Studio_3/plugins/com.aptana.samples_3.0.0.1334367142.jar
81d80000-81d82000 r--s 00009000 08:05 5377741    /opt/Aptana_Studio_3/plugins/com.aptana.configurations_3.0.3.1329404579.jar
81d82000-81d88000 r--s 00036000 08:05 5377649    /opt/Aptana_Studio_3/plugins/com.aptana.scripting.ui_3.0.0.1331931110.jar
81d88000-81d8b000 rw-s 00000000 00:04 67960850   /SYSV00000000 (deleted)
81d8b000-81d8f000 r--s 0002c000 08:05 5377632    /opt/Aptana_Studio_3/plugins/com.aptana.theme_3.0.0.1332432136.jar
81d90000-81d92000 r--s 00005000 08:05 5377640    /opt/Aptana_Studio_3/plugins/org.eclipse.equinox.p2.garbagecollector_1.0.200.v20110815-1419.jar
81d92000-81d95000 r--s 0000e000 08:05 5377597    /opt/Aptana_Studio_3/plugins/com.aptana.webserver.ui_3.0.0.1335368830.jar
81d95000-81d97000 r--s 00008000 08:05 5377724    /opt/Aptana_Studio_3/plugins/com.aptana.console_3.0.0.1332428263.jar
81d97000-81d9f000 r--s 00070000 08:05 5377524    /opt/Aptana_Studio_3/plugins/com.aptana.syncing.ui_3.0.3.1333512862.jar
81d9f000-81da1000 r--s 00009000 08:05 5377540    /opt/Aptana_Studio_3/plugins/com.aptana.samples.ui_3.0.0.1332290979.jar
81da1000-81da3000 r--s 00015000 08:05 5377633    /opt/Aptana_Studio_3/plugins/com.aptana.projects_3.0.0.1335198587.jar
81da3000-81da4000 rw-p 00000000 00:00 0 
81da4000-81da6000 r--s 00001000 08:05 5377508    /opt/Aptana_Studio_3/plugins/org.eclipse.update.core.linux_3.2.200.v20100512.jar
81da6000-81dab000 r--s 00042000 08:05 5377603    /opt/Aptana_Studio_3/plugins/com.aptana.portal.ui_3.0.0.1332438759.jar
81dab000-81daf000 r--s 00024000 08:05 5377642    /opt/Aptana_Studio_3/plugins/com.aptana.explorer_3.0.0.1331579821.jar
81daf000-81db2000 r--s 00015000 08:05 5377641    /opt/Aptana_Studio_3/plugins/org.eclipse.equinox.p2.director_2.1.1.v20111126-0211.jar
81db2000-81db4000 r--s 00003000 08:05 5377566    /opt/Aptana_Studio_3/plugins/org.eclipse.equinox.p2.updatechecker_1.1.200.v20110815-1419.jar
81db4000-81db8000 r--s 0002c000 08:05 5377466    /opt/Aptana_Studio_3/plugins/org.mortbay.jetty.util_6.1.23.v201012071420.jar
81db8000-81dbb000 r--s 00013000 08:05 5377532    /opt/Aptana_Studio_3/plugins/org.eclipse.core.expressions_3.4.300.v20110228.jar
81dbb000-81dbc000 r--s 00000000 08:05 10105199   /var/cache/fontconfig/4794a0821666d79190d59a36cb4f44b5-le32d4.cache-3
81dbc000-81dc0000 r--s 00017000 08:05 5377522    /opt/Aptana_Studio_3/plugins/org.eclipse.core.commands_3.6.0.I20110111-0800.jar
81dc0000-81dc2000 r--s 00001000 08:05 6428361    /opt/Aptana_Studio_3/plugins/org.eclipse.ui.workbench.compatibility_3.2.100.I20110413-1600/compatibility.jar
81dc2000-81dc4000 r--s 0001b000 08:05 5377658    /opt/Aptana_Studio_3/plugins/com.aptana.swt.webkitbrowser_1.0.0.1308865296.jar
81dc4000-81dc6000 r--s 00013000 08:05 5377526    /opt/Aptana_Studio_3/plugins/org.eclipse.equinox.app_1.3.100.v20110321.jar
81dc6000-81dc8000 r--s 00018000 08:05 5377564    /opt/Aptana_Studio_3/plugins/org.eclipse.equinox.common_3.6.0.v20110523.jar
81dc8000-81dc9000 r--s 00007000 08:05 5377497    /opt/Aptana_Studio_3/plugins/org.eclipse.update.scheduler_3.2.300.v20100512.jar
81dc9000-81dcc000 ---p 00000000 00:00 0 
81dcc000-81e1a000 rw-p 00000000 00:00 0 
81e1a000-81e1d000 ---p 00000000 00:00 0 
81e1d000-81e6b000 rw-p 00000000 00:00 0 
81e6b000-81e6e000 ---p 00000000 00:00 0 
81e6e000-81ebc000 rw-p 00000000 00:00 0 
81ebc000-81ebf000 ---p 00000000 00:00 0 
81ebf000-81f0d000 rw-p 00000000 00:00 0 
81f0d000-81f1b000 r-xp 00000000 08:05 9446031    /usr/lib/jvm/java-7-oracle/jre/lib/i386/libnio.so
81f1b000-81f1c000 rw-p 0000e000 08:05 9446031    /usr/lib/jvm/java-7-oracle/jre/lib/i386/libnio.so
81f1c000-81f30000 r-xp 00000000 08:05 9446030    /usr/lib/jvm/java-7-oracle/jre/lib/i386/libnet.so
81f30000-81f31000 rw-p 00014000 08:05 9446030    /usr/lib/jvm/java-7-oracle/jre/lib/i386/libnet.so
81f31000-81f45000 r--s 0013a000 08:05 5377541    /opt/Aptana_Studio_3/plugins/org.eclipse.osgi_3.7.2.v20120110-1415.jar
81f45000-81fa5000 rw-s 00000000 00:04 67829776   /SYSV00000000 (deleted)
81fa5000-8201c000 rw-p 00000000 00:00 0 
8201c000-82038000 r--s 00000000 08:05 7865553    /usr/share/mime/mime.cache
82038000-8203e000 r-xp 00000000 08:05 7607128    /usr/lib/i386-linux-gnu/libogg.so.0.7.1
8203e000-8203f000 r--p 00005000 08:05 7607128    /usr/lib/i386-linux-gnu/libogg.so.0.7.1
8203f000-82040000 rw-p 00006000 08:05 7607128    /usr/lib/i386-linux-gnu/libogg.so.0.7.1
82040000-82069000 r-xp 00000000 08:05 7607286    /usr/lib/i386-linux-gnu/libvorbis.so.0.4.5
82069000-8206a000 r--p 00028000 08:05 7607286    /usr/lib/i386-linux-gnu/libvorbis.so.0.4.5
8206a000-8206b000 rw-p 00029000 08:05 7607286    /usr/lib/i386-linux-gnu/libvorbis.so.0.4.5
8206b000-82073000 r-xp 00000000 08:05 7607085    /usr/lib/i386-linux-gnu/libltdl.so.7.3.0
82073000-82074000 r--p 00008000 08:05 7607085    /usr/lib/i386-linux-gnu/libltdl.so.7.3.0
82074000-82075000 rw-p 00009000 08:05 7607085    /usr/lib/i386-linux-gnu/libltdl.so.7.3.0
82075000-82086000 r-xp 00000000 08:05 7607253    /usr/lib/i386-linux-gnu/libtdb.so.1.2.9
82086000-82087000 r--p 00010000 08:05 7607253    /usr/lib/i386-linux-gnu/libtdb.so.1.2.9
82087000-82088000 rw-p 00011000 08:05 7607253    /usr/lib/i386-linux-gnu/libtdb.so.1.2.9
82088000-82090000 r-xp 00000000 08:05 7607290    /usr/lib/i386-linux-gnu/libvorbisfile.so.3.3.4
82090000-82091000 r--p 00007000 08:05 7607290    /usr/lib/i386-linux-gnu/libvorbisfile.so.3.3.4
82091000-82092000 rw-p 00008000 08:05 7607290    /usr/lib/i386-linux-gnu/libvorbisfile.so.3.3.4
82092000-820a1000 r-xp 00000000 08:05 7606823    /usr/lib/i386-linux-gnu/libcanberra.so.0.2.5
820a1000-820a2000 r--p 0000e000 08:05 7606823    /usr/lib/i386-linux-gnu/libcanberra.so.0.2.5
820a2000-820a3000 rw-p 0000f000 08:05 7606823    /usr/lib/i386-linux-gnu/libcanberra.so.0.2.5
820a3000-820a7000 r-xp 00000000 08:05 7606819    /usr/lib/i386-linux-gnu/libcanberra-gtk.so.0.1.8
820a7000-820a8000 r--p 00003000 08:05 7606819    /usr/lib/i386-linux-gnu/libcanberra-gtk.so.0.1.8
820a8000-820a9000 rw-p 00004000 08:05 7606819    /usr/lib/i386-linux-gnu/libcanberra-gtk.so.0.1.8
820a9000-820aa000 r--s 00002000 08:05 5377619    /opt/Aptana_Studio_3/plugins/com.aptana.libraries_3.0.0.1329404579/uuid.jar
820aa000-820ab000 r--s 00000000 08:05 10092744   /var/cache/fontconfig/56cf4f4769d0f4abc89a4895d7bd3ae1-le32d4.cache-3
820ab000-820ad000 r--s 00000000 08:05 5377563    /opt/Aptana_Studio_3/plugins/com.aptana.rcp.studio_3.0.0.201205041324.jar
820ad000-820ae000 r--s 00003000 08:05 9446016    /usr/lib/jvm/java-7-oracle/jre/lib/ext/sunec.jar
820ae000-820b0000 r--s 00012000 08:05 5377568    /opt/Aptana_Studio_3/plugins/com.aptana.syncing.core_3.0.0.1331597970.jar
820b0000-820b2000 r--s 00007000 08:05 5377753    /opt/Aptana_Studio_3/plugins/com.aptana.commandline.launcher_3.0.3.1329404579.jar
820b2000-820b3000 r-xp 00000000 08:05 7213764    /home/cr01nk/.eclipse/1287824591/configuration/org.eclipse.osgi/bundles/56/1/.cp/os/linux/x86/libjnotify.so
820b3000-820b4000 rw-p 00001000 08:05 7213764    /home/cr01nk/.eclipse/1287824591/configuration/org.eclipse.osgi/bundles/56/1/.cp/os/linux/x86/libjnotify.so
820b4000-820b7000 r--s 0001a000 08:05 5377636    /opt/Aptana_Studio_3/plugins/org.eclipse.equinox.p2.metadata.repository_1.2.0.v20110815-1419.jar
820b7000-820ba000 r-xp 00000000 08:05 7607644    /usr/lib/i386-linux-gnu/gdk-pixbuf-2.0/2.10.0/loaders/libpixbufloader-bmp.so
820ba000-820bb000 r--p 00002000 08:05 7607644    /usr/lib/i386-linux-gnu/gdk-pixbuf-2.0/2.10.0/loaders/libpixbufloader-bmp.so
820bb000-820bc000 rw-p 00003000 08:05 7607644    /usr/lib/i386-linux-gnu/gdk-pixbuf-2.0/2.10.0/loaders/libpixbufloader-bmp.so
820bc000-820bd000 r--s 00000000 08:05 10092755   /var/cache/fontconfig/b9d506c9ac06c20b433354fa67a72993-le32d4.cache-3
820bd000-820c2000 r-xp 00000000 08:05 7607821    /usr/lib/i386-linux-gnu/gtk-2.0/modules/libcanberra-gtk-module.so
820c2000-820c3000 r--p 00004000 08:05 7607821    /usr/lib/i386-linux-gnu/gtk-2.0/modules/libcanberra-gtk-module.so
820c3000-820c4000 rw-p 00005000 08:05 7607821    /usr/lib/i386-linux-gnu/gtk-2.0/modules/libcanberra-gtk-module.so
820c4000-820f9000 r-xp 00000000 08:05 7607800    /usr/lib/i386-linux-gnu/gtk-2.0/2.10.0/engines/libmurrine.so
820f9000-820fa000 r--p 00034000 08:05 7607800    /usr/lib/i386-linux-gnu/gtk-2.0/2.10.0/engines/libmurrine.so
820fa000-820fb000 rw-p 00035000 08:05 7607800    /usr/lib/i386-linux-gnu/gtk-2.0/2.10.0/engines/libmurrine.so
820fb000-820fc000 ---p 00000000 00:00 0 
820fc000-828fc000 rw-p 00000000 00:00 0 
828fc000-828fd000 ---p 00000000 00:00 0 
828fd000-830fd000 rw-p 00000000 00:00 0 
830fd000-83100000 r--p 00000000 08:05 5375649    /home/cr01nk/.config/dconf/user
83100000-83107000 r-xp 00000000 08:05 7607663    /usr/lib/i386-linux-gnu/gio/modules/libdconfsettings.so
83107000-83108000 r--p 00006000 08:05 7607663    /usr/lib/i386-linux-gnu/gio/modules/libdconfsettings.so
83108000-83109000 rw-p 00007000 08:05 7607663    /usr/lib/i386-linux-gnu/gio/modules/libdconfsettings.so
83109000-8312d000 r--p 00000000 08:05 8390133    /usr/share/glib-2.0/schemas/gschemas.compiled
8312d000-8314a000 r-xp 00000000 08:05 7606777    /usr/lib/i386-linux-gnu/libatk-1.0.so.0.20409.1
8314a000-8314c000 r--p 0001c000 08:05 7606777    /usr/lib/i386-linux-gnu/libatk-1.0.so.0.20409.1
8314c000-8314d000 rw-p 0001e000 08:05 7606777    /usr/lib/i386-linux-gnu/libatk-1.0.so.0.20409.1
8314d000-835ad000 r-xp 00000000 08:05 7607023    /usr/lib/i386-linux-gnu/libgtk-x11-2.0.so.0.2400.10
835ad000-835b1000 r--p 00460000 08:05 7607023    /usr/lib/i386-linux-gnu/libgtk-x11-2.0.so.0.2400.10
835b1000-835b3000 rw-p 00464000 08:05 7607023    /usr/lib/i386-linux-gnu/libgtk-x11-2.0.so.0.2400.10
835b3000-835b5000 rw-p 00000000 00:00 0 
835b5000-835ba000 r-xp 00000000 08:05 7606729    /usr/lib/i386-linux-gnu/libXdmcp.so.6.0.0
835ba000-835bb000 r--p 00004000 08:05 7606729    /usr/lib/i386-linux-gnu/libXdmcp.so.6.0.0
835bb000-835bc000 rw-p 00005000 08:05 7606729    /usr/lib/i386-linux-gnu/libXdmcp.so.6.0.0
835bc000-835be000 r-xp 00000000 08:05 7606718    /usr/lib/i386-linux-gnu/libXau.so.6.0.0
835be000-835bf000 r--p 00001000 08:05 7606718    /usr/lib/i386-linux-gnu/libXau.so.6.0.0
835bf000-835c0000 rw-p 00002000 08:05 7606718    /usr/lib/i386-linux-gnu/libXau.so.6.0.0
835c0000-835df000 r-xp 00000000 08:05 7607317    /usr/lib/i386-linux-gnu/libxcb.so.1.1.0
835df000-835e0000 r--p 0001f000 08:05 7607317    /usr/lib/i386-linux-gnu/libxcb.so.1.1.0
835e0000-835e1000 rw-p 00020000 08:05 7607317    /usr/lib/i386-linux-gnu/libxcb.so.1.1.0
835e1000-835e9000 r-xp 00000000 08:05 7607309    /usr/lib/i386-linux-gnu/libxcb-render.so.0.0.0
835e9000-835ea000 r--p 00008000 08:05 7607309    /usr/lib/i386-linux-gnu/libxcb-render.so.0.0.0
835ea000-835eb000 rw-p 00009000 08:05 7607309    /usr/lib/i386-linux-gnu/libxcb-render.so.0.0.0
835eb000-835ed000 r-xp 00000000 08:05 7607313    /usr/lib/i386-linux-gnu/libxcb-shm.so.0.0.0
835ed000-835ee000 r--p 00001000 08:05 7607313    /usr/lib/i386-linux-gnu/libxcb-shm.so.0.0.0
835ee000-835ef000 rw-p 00002000 08:05 7607313    /usr/lib/i386-linux-gnu/libxcb-shm.so.0.0.0
835ef000-83617000 r-xp 00000000 08:05 6030316    /lib/i386-linux-gnu/libpng12.so.0.46.0
83617000-83618000 r--p 00027000 08:05 6030316    /lib/i386-linux-gnu/libpng12.so.0.46.0
83618000-83619000 rw-p 00028000 08:05 6030316    /lib/i386-linux-gnu/libpng12.so.0.46.0
83619000-836ac000 r-xp 00000000 08:05 7607160    /usr/lib/i386-linux-gnu/libpixman-1.so.0.24.4
836ac000-836b0000 r--p 00092000 08:05 7607160    /usr/lib/i386-linux-gnu/libpixman-1.so.0.24.4
836b0000-836b1000 rw-p 00096000 08:05 7607160    /usr/lib/i386-linux-gnu/libpixman-1.so.0.24.4
836b1000-836d7000 r-xp 00000000 08:05 6030257    /lib/i386-linux-gnu/libexpat.so.1.5.2
836d7000-836d8000 ---p 00026000 08:05 6030257    /lib/i386-linux-gnu/libexpat.so.1.5.2
836d8000-836da000 r--p 00026000 08:05 6030257    /lib/i386-linux-gnu/libexpat.so.1.5.2
836da000-836db000 rw-p 00028000 08:05 6030257    /lib/i386-linux-gnu/libexpat.so.1.5.2
836db000-836ee000 r-xp 00000000 08:05 6030323    /lib/i386-linux-gnu/libresolv-2.15.so
836ee000-836ef000 ---p 00013000 08:05 6030323    /lib/i386-linux-gnu/libresolv-2.15.so
836ef000-836f0000 r--p 00013000 08:05 6030323    /lib/i386-linux-gnu/libresolv-2.15.so
836f0000-836f1000 rw-p 00014000 08:05 6030323    /lib/i386-linux-gnu/libresolv-2.15.so
836f1000-836f3000 rw-p 00000000 00:00 0 
836f3000-83710000 r-xp 00000000 08:05 6030327    /lib/i386-linux-gnu/libselinux.so.1
83710000-83711000 r--p 0001c000 08:05 6030327    /lib/i386-linux-gnu/libselinux.so.1
83711000-83712000 rw-p 0001d000 08:05 6030327    /lib/i386-linux-gnu/libselinux.so.1
83712000-83726000 r-xp 00000000 08:05 6030350    /lib/i386-linux-gnu/libz.so.1.2.3.4
83726000-83727000 r--p 00013000 08:05 6030350    /lib/i386-linux-gnu/libz.so.1.2.3.4
83727000-83728000 rw-p 00014000 08:05 6030350    /lib/i386-linux-gnu/libz.so.1.2.3.4
83728000-8372b000 r-xp 00000000 08:05 7606950    /usr/lib/i386-linux-gnu/libgmodule-2.0.so.0.3200.1
8372b000-8372c000 r--p 00002000 08:05 7606950    /usr/lib/i386-linux-gnu/libgmodule-2.0.so.0.3200.1
8372c000-8372d000 rw-p 00003000 08:05 7606950    /usr/lib/i386-linux-gnu/libgmodule-2.0.so.0.3200.1
8372d000-837c2000 r-xp 00000000 08:05 7606911    /usr/lib/i386-linux-gnu/libfreetype.so.6.8.0
837c2000-837c6000 r--p 00094000 08:05 7606911    /usr/lib/i386-linux-gnu/libfreetype.so.6.8.0
837c6000-837c7000 rw-p 00098000 08:05 7606911    /usr/lib/i386-linux-gnu/libfreetype.so.6.8.0
837c7000-837f1000 r-xp 00000000 08:05 7607144    /usr/lib/i386-linux-gnu/libpangoft2-1.0.so.0.3000.0
837f1000-837f2000 r--p 00029000 08:05 7607144    /usr/lib/i386-linux-gnu/libpangoft2-1.0.so.0.3000.0
837f2000-837f3000 rw-p 0002a000 08:05 7607144    /usr/lib/i386-linux-gnu/libpangoft2-1.0.so.0.3000.0
837f3000-83923000 r-xp 00000000 08:05 7606716    /usr/lib/i386-linux-gnu/libX11.so.6.3.0
83923000-83924000 r--p 0012f000 08:05 7606716    /usr/lib/i386-linux-gnu/libX11.so.6.3.0
83924000-83926000 rw-p 00130000 08:05 7606716    /usr/lib/i386-linux-gnu/libX11.so.6.3.0
83926000-83927000 rw-p 00000000 00:00 0 
83927000-839ee000 r-xp 00000000 08:05 7605764    /usr/lib/i386-linux-gnu/libcairo.so.2.11000.2
839ee000-839ef000 r--p 000c7000 08:05 7605764    /usr/lib/i386-linux-gnu/libcairo.so.2.11000.2
839ef000-839f0000 rw-p 000c8000 08:05 7605764    /usr/lib/i386-linux-gnu/libcairo.so.2.11000.2
839f0000-839f2000 rw-p 00000000 00:00 0 
839f2000-839f6000 r-xp 00000000 08:05 7606733    /usr/lib/i386-linux-gnu/libXfixes.so.3.1.0
839f6000-839f7000 r--p 00004000 08:05 7606733    /usr/lib/i386-linux-gnu/libXfixes.so.3.1.0
839f7000-839f8000 rw-p 00005000 08:05 7606733    /usr/lib/i386-linux-gnu/libXfixes.so.3.1.0
839f8000-839fa000 r-xp 00000000 08:05 7606727    /usr/lib/i386-linux-gnu/libXdamage.so.1.1.0
839fa000-839fb000 r--p 00001000 08:05 7606727    /usr/lib/i386-linux-gnu/libXdamage.so.1.1.0
839fb000-839fc000 rw-p 00002000 08:05 7606727    /usr/lib/i386-linux-gnu/libXdamage.so.1.1.0
839fc000-839fe000 r-xp 00000000 08:05 7606723    /usr/lib/i386-linux-gnu/libXcomposite.so.1.0.0
839fe000-839ff000 r--p 00001000 08:05 7606723    /usr/lib/i386-linux-gnu/libXcomposite.so.1.0.0
839ff000-83a00000 rw-p 00002000 08:05 7606723    /usr/lib/i386-linux-gnu/libXcomposite.so.1.0.0
83a00000-83a09000 r-xp 00000000 08:05 7606725    /usr/lib/i386-linux-gnu/libXcursor.so.1.0.2
83a09000-83a0a000 r--p 00008000 08:05 7606725    /usr/lib/i386-linux-gnu/libXcursor.so.1.0.2
83a0a000-83a0b000 rw-p 00009000 08:05 7606725    /usr/lib/i386-linux-gnu/libXcursor.so.1.0.2
83a0b000-83a12000 r-xp 00000000 08:05 7606749    /usr/lib/i386-linux-gnu/libXrandr.so.2.2.0
83a12000-83a13000 r--p 00006000 08:05 7606749    /usr/lib/i386-linux-gnu/libXrandr.so.2.2.0
83a13000-83a14000 rw-p 00007000 08:05 7606749    /usr/lib/i386-linux-gnu/libXrandr.so.2.2.0
83a14000-83a22000 r-xp 00000000 08:05 7606737    /usr/lib/i386-linux-gnu/libXi.so.6.1.0
83a22000-83a23000 r--p 0000d000 08:05 7606737    /usr/lib/i386-linux-gnu/libXi.so.6.1.0
83a23000-83a24000 rw-p 0000e000 08:05 7606737    /usr/lib/i386-linux-gnu/libXi.so.6.1.0
83a24000-83a26000 r-xp 00000000 08:05 7606739    /usr/lib/i386-linux-gnu/libXinerama.so.1.0.0
83a26000-83a27000 r--p 00001000 08:05 7606739    /usr/lib/i386-linux-gnu/libXinerama.so.1.0.0
83a27000-83a28000 rw-p 00002000 08:05 7606739    /usr/lib/i386-linux-gnu/libXinerama.so.1.0.0
83a28000-83a30000 r-xp 00000000 08:05 7606751    /usr/lib/i386-linux-gnu/libXrender.so.1.3.0
83a30000-83a31000 r--p 00007000 08:05 7606751    /usr/lib/i386-linux-gnu/libXrender.so.1.3.0
83a31000-83a32000 rw-p 00008000 08:05 7606751    /usr/lib/i386-linux-gnu/libXrender.so.1.3.0
83a32000-83a64000 r-xp 00000000 08:05 7606905    /usr/lib/i386-linux-gnu/libfontconfig.so.1.4.4
83a64000-83a65000 r--p 00032000 08:05 7606905    /usr/lib/i386-linux-gnu/libfontconfig.so.1.4.4
83a65000-83a66000 rw-p 00033000 08:05 7606905    /usr/lib/i386-linux-gnu/libfontconfig.so.1.4.4
83a66000-83bb9000 r-xp 00000000 08:05 7606940    /usr/lib/i386-linux-gnu/libgio-2.0.so.0.3200.1
83bb9000-83bba000 ---p 00153000 08:05 7606940    /usr/lib/i386-linux-gnu/libgio-2.0.so.0.3200.1
83bba000-83bbc000 r--p 00153000 08:05 7606940    /usr/lib/i386-linux-gnu/libgio-2.0.so.0.3200.1
83bbc000-83bbd000 rw-p 00155000 08:05 7606940    /usr/lib/i386-linux-gnu/libgio-2.0.so.0.3200.1
83bbd000-83bbe000 rw-p 00000000 00:00 0 
83bbe000-83bdd000 r-xp 00000000 08:05 7606930    /usr/lib/i386-linux-gnu/libgdk_pixbuf-2.0.so.0.2600.1
83bdd000-83bde000 r--p 0001e000 08:05 7606930    /usr/lib/i386-linux-gnu/libgdk_pixbuf-2.0.so.0.2600.1
83bde000-83bdf000 rw-p 0001f000 08:05 7606930    /usr/lib/i386-linux-gnu/libgdk_pixbuf-2.0.so.0.2600.1
83bdf000-83c26000 r-xp 00000000 08:05 7607140    /usr/lib/i386-linux-gnu/libpango-1.0.so.0.3000.0
83c26000-83c27000 ---p 00047000 08:05 7607140    /usr/lib/i386-linux-gnu/libpango-1.0.so.0.3000.0
83c27000-83c28000 r--p 00047000 08:05 7607140    /usr/lib/i386-linux-gnu/libpango-1.0.so.0.3000.0
83c28000-83c29000 rw-p 00048000 08:05 7607140    /usr/lib/i386-linux-gnu/libpango-1.0.so.0.3000.0
83c29000-83cd4000 r-xp 00000000 08:05 7606928    /usr/lib/i386-linux-gnu/libgdk-x11-2.0.so.0.2400.10
83cd4000-83cd5000 ---p 000ab000 08:05 7606928    /usr/lib/i386-linux-gnu/libgdk-x11-2.0.so.0.2400.10
83cd5000-83cd7000 r--p 000ab000 08:05 7606928    /usr/lib/i386-linux-gnu/libgdk-x11-2.0.so.0.2400.10
83cd7000-83cd8000 rw-p 000ad000 08:05 7606928    /usr/lib/i386-linux-gnu/libgdk-x11-2.0.so.0.2400.10
83cd8000-83d12000 r-xp 00000000 08:05 6030312    /lib/i386-linux-gnu/libpcre.so.3.12.1
83d12000-83d13000 r--p 00039000 08:05 6030312    /lib/i386-linux-gnu/libpcre.so.3.12.1
83d13000-83d14000 rw-p 0003a000 08:05 6030312    /lib/i386-linux-gnu/libpcre.so.3.12.1
83d14000-83e0b000 r-xp 00000000 08:05 6030264    /lib/i386-linux-gnu/libglib-2.0.so.0.3200.1
83e0b000-83e0c000 r--p 000f6000 08:05 6030264    /lib/i386-linux-gnu/libglib-2.0.so.0.3200.1
83e0c000-83e0d000 rw-p 000f7000 08:05 6030264    /lib/i386-linux-gnu/libglib-2.0.so.0.3200.1
83e0d000-83e5a000 r-xp 00000000 08:05 7606964    /usr/lib/i386-linux-gnu/libgobject-2.0.so.0.3200.1
83e5a000-83e5b000 r--p 0004c000 08:05 7606964    /usr/lib/i386-linux-gnu/libgobject-2.0.so.0.3200.1
83e5b000-83e5c000 rw-p 0004d000 08:05 7606964    /usr/lib/i386-linux-gnu/libgobject-2.0.so.0.3200.1
83e5c000-83e5d000 ---p 00000000 00:00 0 
83e5d000-83edd000 rw-p 00000000 00:00 0 
83edd000-83ee0000 ---p 00000000 00:00 0 
83ee0000-83f2e000 rw-p 00000000 00:00 0 
83f2e000-83f31000 ---p 00000000 00:00 0 
83f31000-83faf000 rw-p 00000000 00:00 0 
83faf000-83fb2000 ---p 00000000 00:00 0 
83fb2000-84000000 rw-p 00000000 00:00 0 
84000000-840e2000 rw-p 00000000 00:00 0 
840e2000-84100000 ---p 00000000 00:00 0 
84100000-841fa000 rw-p 00000000 00:00 0 
841fa000-84200000 ---p 00000000 00:00 0 
84200000-84300000 rw-p 00000000 00:00 0 
84300000-84301000 r--s 00004000 08:05 5377693    /opt/Aptana_Studio_3/plugins/org.eclipse.swt_3.7.2.v3740f.jar
84301000-84302000 r--s 00008000 08:05 5377559    /opt/Aptana_Studio_3/plugins/org.eclipse.core.net.linux.x86_1.1.200.I20110419-0800.jar
84302000-84312000 r-xp 00000000 08:05 7606731    /usr/lib/i386-linux-gnu/libXext.so.6.4.0
84312000-84313000 r--p 0000f000 08:05 7606731    /usr/lib/i386-linux-gnu/libXext.so.6.4.0
84313000-84314000 rw-p 00010000 08:05 7606731    /usr/lib/i386-linux-gnu/libXext.so.6.4.0
84314000-8431f000 r-xp 00000000 08:05 7607142    /usr/lib/i386-linux-gnu/libpangocairo-1.0.so.0.3000.0
8431f000-84320000 r--p 0000a000 08:05 7607142    /usr/lib/i386-linux-gnu/libpangocairo-1.0.so.0.3000.0
84320000-84321000 rw-p 0000b000 08:05 7607142    /usr/lib/i386-linux-gnu/libpangocairo-1.0.so.0.3000.0
84321000-84322000 r--s 00007000 08:05 5377660    /opt/Aptana_Studio_3/plugins/com.aptana.workbench_3.0.0.1329404579.jar
84322000-84323000 r--s 00006000 08:05 5377198    /opt/Aptana_Studio_3/plugins/org.python.pydev.red_core_2.5.0.2012050419/red-core.jar
84323000-84333000 r-xp 00000000 08:05 7605249    /usr/lib/liboverlay-scrollbar-0.2.so.0.0.16
84333000-84334000 r--p 0000f000 08:05 7605249    /usr/lib/liboverlay-scrollbar-0.2.so.0.0.16
84334000-84335000 rw-p 00010000 08:05 7605249    /usr/lib/liboverlay-scrollbar-0.2.so.0.0.16
84335000-84338000 ---p 00000000 00:00 0 
84338000-84386000 rw-p 00000000 00:00 0 
84386000-84389000 ---p 00000000 00:00 0 
84389000-843d7000 rw-p 00000000 00:00 0 
843d7000-843d8000 ---p 00000000 00:00 0 
843d8000-844a3000 rw-p 00000000 00:00 0 
844a3000-84663000 r--s 03a30000 08:05 9446010    /usr/lib/jvm/java-7-oracle/jre/lib/rt.jar
84663000-84676000 rw-p 00000000 00:00 0 
84676000-846e4000 rw-p 00000000 00:00 0 
846e4000-846fb000 rw-p 00000000 00:00 0 
846fb000-8478f000 rw-p 00000000 00:00 0 
8478f000-8479b000 rw-p 00000000 00:00 0 
8479b000-847e4000 rw-p 00000000 00:00 0 
847e4000-847fc000 rw-p 00000000 00:00 0 
847fc000-8488f000 rw-p 00000000 00:00 0 
8488f000-848a2000 rw-p 00000000 00:00 0 
848a2000-8490f000 rw-p 00000000 00:00 0 
8490f000-86020000 rw-p 00000000 00:00 0 
86020000-8f3b0000 rw-p 00000000 00:00 0 
8f3b0000-921a9000 rw-p 00000000 00:00 0 
921a9000-a4910000 rw-p 00000000 00:00 0 
a4910000-a6e50000 rw-p 00000000 00:00 0 
a6e50000-b4910000 rw-p 00000000 00:00 0 
b4910000-b4912000 r--s 0000f000 08:05 5377468    /opt/Aptana_Studio_3/plugins/org.radrails.rails.ui_3.0.2.1332428435.jar
b4912000-b4929000 rw-p 00000000 00:00 0 
b4929000-b4992000 rw-p 00000000 00:00 0 
b4992000-b4f1a000 rwxp 00000000 00:00 0 
b4f1a000-b6992000 rw-p 00000000 00:00 0 
b6992000-b69a9000 r-xp 00000000 08:05 9446029    /usr/lib/jvm/java-7-oracle/jre/lib/i386/libzip.so
b69a9000-b69aa000 rw-p 00017000 08:05 9446029    /usr/lib/jvm/java-7-oracle/jre/lib/i386/libzip.so
b69aa000-b69b5000 r-xp 00000000 08:05 6030290    /lib/i386-linux-gnu/libnss_files-2.15.so
b69b5000-b69b6000 r--p 0000a000 08:05 6030290    /lib/i386-linux-gnu/libnss_files-2.15.so
b69b6000-b69b7000 rw-p 0000b000 08:05 6030290    /lib/i386-linux-gnu/libnss_files-2.15.so
b69b7000-b69c1000 r-xp 00000000 08:05 6030294    /lib/i386-linux-gnu/libnss_nis-2.15.so
b69c1000-b69c2000 r--p 00009000 08:05 6030294    /lib/i386-linux-gnu/libnss_nis-2.15.so
b69c2000-b69c3000 rw-p 0000a000 08:05 6030294    /lib/i386-linux-gnu/libnss_nis-2.15.so
b69c3000-b69d9000 r-xp 00000000 08:05 6030284    /lib/i386-linux-gnu/libnsl-2.15.so
b69d9000-b69da000 r--p 00015000 08:05 6030284    /lib/i386-linux-gnu/libnsl-2.15.so
b69da000-b69db000 rw-p 00016000 08:05 6030284    /lib/i386-linux-gnu/libnsl-2.15.so
b69db000-b69dd000 rw-p 00000000 00:00 0 
b69dd000-b69e4000 r-xp 00000000 08:05 6030286    /lib/i386-linux-gnu/libnss_compat-2.15.so
b69e4000-b69e5000 r--p 00006000 08:05 6030286    /lib/i386-linux-gnu/libnss_compat-2.15.so
b69e5000-b69e6000 rw-p 00007000 08:05 6030286    /lib/i386-linux-gnu/libnss_compat-2.15.so
b69e6000-b69eb000 r-xp 00000000 08:05 7606903    /usr/lib/i386-linux-gnu/libffi.so.6.0.0
b69eb000-b69ec000 r--p 00004000 08:05 7606903    /usr/lib/i386-linux-gnu/libffi.so.6.0.0
b69ec000-b69ed000 rw-p 00005000 08:05 7606903    /usr/lib/i386-linux-gnu/libffi.so.6.0.0
b69ed000-b69f2000 r--s 00088000 08:05 9446008    /usr/lib/jvm/java-7-oracle/jre/lib/jsse.jar
b69f2000-b69fa000 rw-s 00000000 08:05 10356698   /tmp/hsperfdata_cr01nk/14602 (deleted)
b69fa000-b6a1d000 r-xp 00000000 08:05 9446027    /usr/lib/jvm/java-7-oracle/jre/lib/i386/libjava.so
b6a1d000-b6a1e000 rw-p 00023000 08:05 9446027    /usr/lib/jvm/java-7-oracle/jre/lib/i386/libjava.so
b6a1e000-b6a25000 r-xp 00000000 08:05 6030325    /lib/i386-linux-gnu/librt-2.15.so
b6a25000-b6a26000 r--p 00006000 08:05 6030325    /lib/i386-linux-gnu/librt-2.15.so
b6a26000-b6a27000 rw-p 00007000 08:05 6030325    /lib/i386-linux-gnu/librt-2.15.so
b6a27000-b6a51000 r-xp 00000000 08:05 6030271    /lib/i386-linux-gnu/libm-2.15.so
b6a51000-b6a52000 r--p 00029000 08:05 6030271    /lib/i386-linux-gnu/libm-2.15.so
b6a52000-b6a53000 rw-p 0002a000 08:05 6030271    /lib/i386-linux-gnu/libm-2.15.so
b6a53000-b6f62000 r-xp 00000000 08:05 9572963    /usr/lib/jvm/java-7-oracle/jre/lib/i386/client/libjvm.so
b6f62000-b6f7f000 rw-p 0050e000 08:05 9572963    /usr/lib/jvm/java-7-oracle/jre/lib/i386/client/libjvm.so
b6f7f000-b739e000 rw-p 00000000 00:00 0 
b739e000-b73aa000 r-xp 00000000 08:05 6688302    /opt/Aptana_Studio_3/plugins/org.eclipse.equinox.launcher.gtk.linux.x86_1.1.100.v20110505/eclipse_1407.so
b73aa000-b73ab000 rw-p 0000c000 08:05 6688302    /opt/Aptana_Studio_3/plugins/org.eclipse.equinox.launcher.gtk.linux.x86_1.1.100.v20110505/eclipse_1407.so
b73ab000-b73ac000 r--p 00858000 08:05 7609355    /usr/lib/locale/locale-archive
b73ac000-b75ac000 r--p 00000000 08:05 7609355    /usr/lib/locale/locale-archive
b75ac000-b75ad000 rw-p 00000000 00:00 0 
b75ad000-b774c000 r-xp 00000000 08:05 6030239    /lib/i386-linux-gnu/libc-2.15.so
b774c000-b774e000 r--p 0019f000 08:05 6030239    /lib/i386-linux-gnu/libc-2.15.so
b774e000-b774f000 rw-p 001a1000 08:05 6030239    /lib/i386-linux-gnu/libc-2.15.so
b774f000-b7753000 rw-p 00000000 00:00 0 
b7753000-b7756000 r-xp 00000000 08:05 6030252    /lib/i386-linux-gnu/libdl-2.15.so
b7756000-b7757000 r--p 00002000 08:05 6030252    /lib/i386-linux-gnu/libdl-2.15.so
b7757000-b7758000 rw-p 00003000 08:05 6030252    /lib/i386-linux-gnu/libdl-2.15.so
b7758000-b776f000 r-xp 00000000 08:05 6030319    /lib/i386-linux-gnu/libpthread-2.15.so
b776f000-b7770000 r--p 00016000 08:05 6030319    /lib/i386-linux-gnu/libpthread-2.15.so
b7770000-b7771000 rw-p 00017000 08:05 6030319    /lib/i386-linux-gnu/libpthread-2.15.so
b7771000-b7773000 rw-p 00000000 00:00 0 
b7773000-b7774000 r--s 00002000 08:05 6559205    /opt/Aptana_Studio_3/plugins/org.eclipse.core.runtime.compatibility.registry_3.5.0.v20110505/runtime_registry_compatibility.jar
b7774000-b7775000 r--s 00000000 08:05 5377777    /home/cr01nk/.cache/dconf/user
b7775000-b7777000 r--s 001d1000 08:05 5377570    /opt/Aptana_Studio_3/plugins/com.aptana.rcp_3.1.2.201205041324.jar
b7777000-b7778000 r--s 0000b000 08:05 5377609    /opt/Aptana_Studio_3/plugins/org.eclipse.equinox.launcher_1.2.0.v20110502.jar
b7778000-b7779000 rw-p 00000000 00:00 0 
b7779000-b777a000 ---p 00000000 00:00 0 
b777a000-b7786000 r-xp 00000000 08:05 9446059    /usr/lib/jvm/java-7-oracle/jre/lib/i386/libverify.so
b7786000-b7787000 rw-p 0000c000 08:05 9446059    /usr/lib/jvm/java-7-oracle/jre/lib/i386/libverify.so
b7787000-b7789000 rw-p 00000000 00:00 0 
b7789000-b778a000 r-xp 00000000 00:00 0          [vdso]
b778a000-b77aa000 r-xp 00000000 08:05 6030219    /lib/i386-linux-gnu/ld-2.15.so
b77aa000-b77ab000 r--p 0001f000 08:05 6030219    /lib/i386-linux-gnu/ld-2.15.so
b77ab000-b77ac000 rw-p 00020000 08:05 6030219    /lib/i386-linux-gnu/ld-2.15.so
bfc90000-bfc93000 ---p 00000000 00:00 0 
bfc94000-bfce0000 rw-p 00000000 00:00 0          [stack]

VM Arguments:
jvm_args: -Xms40m -Xmx512m -Declipse.p2.unsignedPolicy=allow -Declipse.log.size.max=10000 -Declipse.log.backup.max=5 -Djava.awt.headless=true -XX:MaxPermSize=256m 
java_command: <unknown>
Launcher Type: generic

Environment Variables:
PATH=/home/cr01nk/bin:/usr/lib/lightdm/lightdm:/usr/local/sbin:/usr/local/bin:/usr/sbin:/usr/bin:/sbin:/bin:/usr/games:/home/cr01nk/.rvm/bin
LD_LIBRARY_PATH=/usr/lib/jvm/java-7-oracle/jre/lib/i386/client:/usr/lib/jvm/java-7-oracle/jre/lib/i386:
SHELL=/bin/bash
DISPLAY=:0

Signal Handlers:
SIGSEGV: [libjvm.so+0x48cca0], sa_mask[0]=0x7ffbfeff, sa_flags=0x10000004
SIGBUS: [libjvm.so+0x48cca0], sa_mask[0]=0x7ffbfeff, sa_flags=0x10000004
SIGFPE: [libjvm.so+0x3a10b0], sa_mask[0]=0x7ffbfeff, sa_flags=0x10000004
SIGPIPE: SIG_IGN, sa_mask[0]=0x00000000, sa_flags=0x00000000
SIGXFSZ: [libjvm.so+0x3a10b0], sa_mask[0]=0x7ffbfeff, sa_flags=0x10000004
SIGILL: [libjvm.so+0x3a10b0], sa_mask[0]=0x7ffbfeff, sa_flags=0x10000004
SIGUSR1: SIG_DFL, sa_mask[0]=0x00000000, sa_flags=0x00000000
SIGUSR2: [libjvm.so+0x3a0990], sa_mask[0]=0x00000000, sa_flags=0x10000004
SIGHUP: [libjvm.so+0x3a2f80], sa_mask[0]=0x7ffbfeff, sa_flags=0x10000004
SIGINT: [libjvm.so+0x3a2f80], sa_mask[0]=0x7ffbfeff, sa_flags=0x10000004
SIGTERM: [libjvm.so+0x3a2f80], sa_mask[0]=0x7ffbfeff, sa_flags=0x10000004
SIGQUIT: [libjvm.so+0x3a2f80], sa_mask[0]=0x7ffbfeff, sa_flags=0x10000004


---------------  S Y S T E M  ---------------

OS:wheezy/sid

uname:Linux 3.2.0-24-generic-pae #39-Ubuntu SMP Mon May 21 18:54:21 UTC 2012 i686
libc:glibc 2.15 NPTL 2.15 
rlimit: STACK 8192k, CORE 0k, NPROC 32123, NOFILE 4096, AS infinity
load average:1.27 1.33 1.42

/proc/meminfo:
MemTotal:        4126312 kB
MemFree:          446656 kB
Buffers:          280132 kB
Cached:          1605824 kB
SwapCached:            0 kB
Active:          2112820 kB
Inactive:        1223376 kB
Active(anon):    1357796 kB
Inactive(anon):    96820 kB
Active(file):     755024 kB
Inactive(file):  1126556 kB
Unevictable:          80 kB
Mlocked:              80 kB
HighTotal:       3279284 kB
HighFree:          82936 kB
LowTotal:         847028 kB
LowFree:          363720 kB
SwapTotal:       4190204 kB
SwapFree:        4190060 kB
Dirty:             13228 kB
Writeback:             0 kB
AnonPages:       1450340 kB
Mapped:           179900 kB
Shmem:              4376 kB
Slab:             150976 kB
SReclaimable:     114920 kB
SUnreclaim:        36056 kB
KernelStack:        4488 kB
PageTables:        19088 kB
NFS_Unstable:          0 kB
Bounce:                0 kB
WritebackTmp:          0 kB
CommitLimit:     6253360 kB
Committed_AS:    5134952 kB
VmallocTotal:     122880 kB
VmallocUsed:       54120 kB
VmallocChunk:      21760 kB
HardwareCorrupted:     0 kB
AnonHugePages:         0 kB
HugePages_Total:       0
HugePages_Free:        0
HugePages_Rsvd:        0
HugePages_Surp:        0
Hugepagesize:       2048 kB
DirectMap4k:        8184 kB
DirectMap2M:      905216 kB


CPU:total 2 (2 cores per cpu, 1 threads per core) family 6 model 23 stepping 6, cmov, cx8, fxsr, mmx, sse, sse2, sse3, ssse3, sse4.1, tsc

/proc/cpuinfo:
processor	: 0
vendor_id	: GenuineIntel
cpu family	: 6
model		: 23
model name	: Intel(R) Core(TM)2 Duo CPU     T9300  @ 2.50GHz
stepping	: 6
microcode	: 0x60c
cpu MHz		: 2501.000
cache size	: 6144 KB
physical id	: 0
siblings	: 2
core id		: 0
cpu cores	: 2
apicid		: 0
initial apicid	: 0
fdiv_bug	: no
hlt_bug		: no
f00f_bug	: no
coma_bug	: no
fpu		: yes
fpu_exception	: yes
cpuid level	: 10
wp		: yes
flags		: fpu vme de pse tsc msr pae mce cx8 apic sep mtrr pge mca cmov pat pse36 clflush dts acpi mmx fxsr sse sse2 ss ht tm pbe nx lm constant_tsc arch_perfmon pebs bts aperfmperf pni dtes64 monitor ds_cpl vmx est tm2 ssse3 cx16 xtpr pdcm sse4_1 lahf_lm ida dts tpr_shadow vnmi flexpriority
bogomips	: 4987.05
clflush size	: 64
cache_alignment	: 64
address sizes	: 36 bits physical, 48 bits virtual
power management:

processor	: 1
vendor_id	: GenuineIntel
cpu family	: 6
model		: 23
model name	: Intel(R) Core(TM)2 Duo CPU     T9300  @ 2.50GHz
stepping	: 6
microcode	: 0x60c
cpu MHz		: 2501.000
cache size	: 6144 KB
physical id	: 0
siblings	: 2
core id		: 1
cpu cores	: 2
apicid		: 1
initial apicid	: 1
fdiv_bug	: no
hlt_bug		: no
f00f_bug	: no
coma_bug	: no
fpu		: yes
fpu_exception	: yes
cpuid level	: 10
wp		: yes
flags		: fpu vme de pse tsc msr pae mce cx8 apic sep mtrr pge mca cmov pat pse36 clflush dts acpi mmx fxsr sse sse2 ss ht tm pbe nx lm constant_tsc arch_perfmon pebs bts aperfmperf pni dtes64 monitor ds_cpl vmx est tm2 ssse3 cx16 xtpr pdcm sse4_1 lahf_lm ida dts tpr_shadow vnmi flexpriority
bogomips	: 4987.43
clflush size	: 64
cache_alignment	: 64
address sizes	: 36 bits physical, 48 bits virtual
power management:



Memory: 4k page, physical 4126312k(446656k free), swap 4190204k(4190060k free)

vm_info: Java HotSpot(TM) Client VM (23.1-b03) for linux-x86 JRE (1.7.0_05-b05), built on May 15 2012 17:27:19 by "java_re" with gcc 4.3.0 20080428 (Red Hat 4.3.0-8)

time: Thu Jun 14 01:21:05 2012
elapsed time: 28 seconds

